2018-02-19 10:57:29,099 [Worker-3] INFO  c.g.t.t.d.PublishedGradleVersions - Gradle version information cache is out-of-date. Trying to update.
2018-02-19 10:58:56,371 [Worker-6] INFO  o.e.m.c.i.l.LifecycleMappingFactory - Using org.eclipse.m2e.jdt.JarLifecycleMapping lifecycle mapping for MavenProject: iut.nantes:projetMRS:0.0.1-SNAPSHOT @ C:\Users\cedri\Desktop\LP MiAR\ProjetWeb\ProjetWeb_MRS\projetMRS\pom.xml.
2018-02-19 10:58:56,371 [Worker-1] INFO  o.e.m.c.i.l.LifecycleMappingFactory - Using org.eclipse.m2e.jdt.JarLifecycleMapping lifecycle mapping for MavenProject: iut.nantes:projetMRS:0.0.1-SNAPSHOT @ C:\Users\cedri\Desktop\LP MiAR\ProjetWeb\ProjetWeb_MRS\projetMRS\pom.xml.
2018-02-19 10:59:00,125 [Worker-6] INFO  o.e.m.c.i.embedder.EclipseLogger - Using 'UTF-8' encoding to copy filtered resources.
2018-02-19 10:59:00,126 [Worker-6] INFO  o.e.m.c.i.embedder.EclipseLogger - skip non existing resourceDirectory C:\Users\cedri\Desktop\LP MiAR\ProjetWeb\ProjetWeb_MRS\projetMRS\src\main\resources
2018-02-19 10:59:00,128 [Worker-6] INFO  o.e.m.c.i.embedder.EclipseLogger - Using 'UTF-8' encoding to copy filtered resources.
2018-02-19 10:59:00,129 [Worker-6] INFO  o.e.m.c.i.embedder.EclipseLogger - skip non existing resourceDirectory C:\Users\cedri\Desktop\LP MiAR\ProjetWeb\ProjetWeb_MRS\projetMRS\src\test\resources
2018-02-19 10:59:02,064 [Worker-11] INFO  o.e.m.c.i.l.LifecycleMappingFactory - Using org.eclipse.m2e.jdt.JarLifecycleMapping lifecycle mapping for MavenProject: iut.nantes:projetMRS:0.0.1-SNAPSHOT @ C:\Users\cedri\Desktop\LP MiAR\ProjetWeb\ProjetWeb_MRS\projetMRS\pom.xml.
2018-02-19 10:59:02,312 [Worker-1] INFO  o.e.m.c.i.embedder.EclipseLogger - Using 'UTF-8' encoding to copy filtered resources.
2018-02-19 10:59:02,312 [Worker-1] INFO  o.e.m.c.i.embedder.EclipseLogger - skip non existing resourceDirectory C:\Users\cedri\Desktop\LP MiAR\ProjetWeb\ProjetWeb_MRS\projetMRS\src\main\resources
2018-02-19 10:59:02,314 [Worker-1] INFO  o.e.m.c.i.embedder.EclipseLogger - Using 'UTF-8' encoding to copy filtered resources.
2018-02-19 10:59:02,315 [Worker-1] INFO  o.e.m.c.i.embedder.EclipseLogger - skip non existing resourceDirectory C:\Users\cedri\Desktop\LP MiAR\ProjetWeb\ProjetWeb_MRS\projetMRS\src\test\resources
2018-02-19 10:59:03,491 [Worker-9] INFO  o.e.m.c.i.embedder.EclipseLogger - Using 'UTF-8' encoding to copy filtered resources.
2018-02-19 10:59:03,492 [Worker-9] INFO  o.e.m.c.i.embedder.EclipseLogger - skip non existing resourceDirectory C:\Users\cedri\Desktop\LP MiAR\ProjetWeb\ProjetWeb_MRS\projetMRS\src\main\resources
2018-02-19 10:59:03,494 [Worker-9] INFO  o.e.m.c.i.embedder.EclipseLogger - Using 'UTF-8' encoding to copy filtered resources.
2018-02-19 10:59:03,494 [Worker-9] INFO  o.e.m.c.i.embedder.EclipseLogger - skip non existing resourceDirectory C:\Users\cedri\Desktop\LP MiAR\ProjetWeb\ProjetWeb_MRS\projetMRS\src\test\resources
2018-02-19 11:03:35,911 [Worker-0] INFO  o.e.m.c.i.embedder.EclipseLogger - Using 'UTF-8' encoding to copy filtered resources.
2018-02-19 11:03:35,911 [Worker-0] INFO  o.e.m.c.i.embedder.EclipseLogger - skip non existing resourceDirectory C:\Users\cedri\Desktop\LP MiAR\ProjetWeb\ProjetWeb_MRS\projetMRS\src\main\resources
2018-02-19 11:03:35,912 [Worker-0] INFO  o.e.m.c.i.embedder.EclipseLogger - Using 'UTF-8' encoding to copy filtered resources.
2018-02-19 11:03:35,913 [Worker-0] INFO  o.e.m.c.i.embedder.EclipseLogger - skip non existing resourceDirectory C:\Users\cedri\Desktop\LP MiAR\ProjetWeb\ProjetWeb_MRS\projetMRS\src\test\resources
2018-02-19 11:03:36,936 [Worker-9] INFO  o.e.m.c.i.embedder.EclipseLogger - Using 'UTF-8' encoding to copy filtered resources.
2018-02-19 11:03:36,937 [Worker-9] INFO  o.e.m.c.i.embedder.EclipseLogger - skip non existing resourceDirectory C:\Users\cedri\Desktop\LP MiAR\ProjetWeb\ProjetWeb_MRS\projetMRS\src\main\resources
2018-02-19 11:03:36,944 [Worker-9] INFO  o.e.m.c.i.embedder.EclipseLogger - Using 'UTF-8' encoding to copy filtered resources.
2018-02-19 11:03:36,944 [Worker-9] INFO  o.e.m.c.i.embedder.EclipseLogger - skip non existing resourceDirectory C:\Users\cedri\Desktop\LP MiAR\ProjetWeb\ProjetWeb_MRS\projetMRS\src\test\resources
2018-02-19 11:03:46,517 [Worker-10] INFO  o.e.m.c.i.embedder.EclipseLogger - Using 'UTF-8' encoding to copy filtered resources.
2018-02-19 11:03:46,518 [Worker-10] INFO  o.e.m.c.i.embedder.EclipseLogger - skip non existing resourceDirectory C:\Users\cedri\Desktop\LP MiAR\ProjetWeb\ProjetWeb_MRS\projetMRS\src\main\resources
2018-02-19 11:03:46,519 [Worker-10] INFO  o.e.m.c.i.embedder.EclipseLogger - Using 'UTF-8' encoding to copy filtered resources.
2018-02-19 11:03:46,520 [Worker-10] INFO  o.e.m.c.i.embedder.EclipseLogger - skip non existing resourceDirectory C:\Users\cedri\Desktop\LP MiAR\ProjetWeb\ProjetWeb_MRS\projetMRS\src\test\resources
2018-02-19 11:05:15,149 [Worker-9] INFO  o.e.m.c.i.embedder.EclipseLogger - Using 'UTF-8' encoding to copy filtered resources.
2018-02-19 11:05:15,153 [Worker-9] INFO  o.e.m.c.i.embedder.EclipseLogger - skip non existing resourceDirectory C:\Users\cedri\Desktop\LP MiAR\ProjetWeb\ProjetWeb_MRS\projetMRS\src\main\resources
2018-02-19 11:05:15,158 [Worker-9] INFO  o.e.m.c.i.embedder.EclipseLogger - Using 'UTF-8' encoding to copy filtered resources.
2018-02-19 11:05:15,158 [Worker-9] INFO  o.e.m.c.i.embedder.EclipseLogger - skip non existing resourceDirectory C:\Users\cedri\Desktop\LP MiAR\ProjetWeb\ProjetWeb_MRS\projetMRS\src\test\resources
2018-02-19 11:05:30,886 [Worker-8] INFO  o.e.m.c.i.embedder.EclipseLogger - Using 'UTF-8' encoding to copy filtered resources.
2018-02-19 11:05:30,886 [Worker-8] INFO  o.e.m.c.i.embedder.EclipseLogger - skip non existing resourceDirectory C:\Users\cedri\Desktop\LP MiAR\ProjetWeb\ProjetWeb_MRS\projetMRS\src\main\resources
2018-02-19 11:05:30,888 [Worker-8] INFO  o.e.m.c.i.embedder.EclipseLogger - Using 'UTF-8' encoding to copy filtered resources.
2018-02-19 11:05:30,888 [Worker-8] INFO  o.e.m.c.i.embedder.EclipseLogger - skip non existing resourceDirectory C:\Users\cedri\Desktop\LP MiAR\ProjetWeb\ProjetWeb_MRS\projetMRS\src\test\resources
2018-02-19 11:05:52,619 [Worker-9] INFO  o.e.m.c.i.p.ProjectConfigurationManager - Update started
2018-02-19 11:05:54,006 [Worker-9] INFO  o.e.m.c.i.l.LifecycleMappingFactory - Using org.eclipse.m2e.jdt.JarLifecycleMapping lifecycle mapping for MavenProject: iut.nantes:projetMRS:0.0.1-SNAPSHOT @ C:\Users\cedri\Desktop\LP MiAR\ProjetWeb\ProjetWeb_MRS\projetMRS\pom.xml.
2018-02-19 11:05:54,877 [Worker-9] INFO  o.e.m.j.i.AbstractJavaProjectConfigurator - Adding source folder /projetMRS/src/main/java
2018-02-19 11:05:54,883 [Worker-9] INFO  o.e.m.j.i.AbstractJavaProjectConfigurator - Adding source folder /projetMRS/src/test/java
2018-02-19 11:05:55,025 [Worker-9] INFO  o.e.m.c.i.p.ProjectConfigurationManager - Update completed: 2 sec
2018-02-19 11:05:55,410 [Worker-7] INFO  o.e.m.c.i.embedder.EclipseLogger - Using 'UTF-8' encoding to copy filtered resources.
2018-02-19 11:05:55,410 [Worker-7] INFO  o.e.m.c.i.embedder.EclipseLogger - skip non existing resourceDirectory C:\Users\cedri\Desktop\LP MiAR\ProjetWeb\ProjetWeb_MRS\projetMRS\src\main\resources
2018-02-19 11:05:55,412 [Worker-7] INFO  o.e.m.c.i.embedder.EclipseLogger - Using 'UTF-8' encoding to copy filtered resources.
2018-02-19 11:05:55,419 [Worker-7] INFO  o.e.m.c.i.embedder.EclipseLogger - skip non existing resourceDirectory C:\Users\cedri\Desktop\LP MiAR\ProjetWeb\ProjetWeb_MRS\projetMRS\src\test\resources
2018-02-19 11:06:05,311 [main] INFO  o.e.m2e.actions.ExecutePomAction - Creating new launch configuration
2018-02-19 11:06:13,386 [Worker-0] INFO  o.e.m.i.launch.MavenLaunchDelegate - C:\Users\cedri\Desktop\LP MiAR\ProjetWeb\ProjetWeb_MRS\projetMRS
2018-02-19 11:06:13,387 [Worker-0] INFO  o.e.m.i.launch.MavenLaunchDelegate -  mvn -B clean install
2018-02-19 11:09:38,684 [Worker-3] INFO  o.e.m.c.i.embedder.EclipseLogger - Using 'UTF-8' encoding to copy filtered resources.
2018-02-19 11:09:38,689 [Worker-3] INFO  o.e.m.c.i.embedder.EclipseLogger - skip non existing resourceDirectory C:\Users\cedri\Desktop\LP MiAR\ProjetWeb\ProjetWeb_MRS\projetMRS\src\main\resources
2018-02-19 11:09:38,694 [Worker-3] INFO  o.e.m.c.i.embedder.EclipseLogger - Using 'UTF-8' encoding to copy filtered resources.
2018-02-19 11:09:38,694 [Worker-3] INFO  o.e.m.c.i.embedder.EclipseLogger - skip non existing resourceDirectory C:\Users\cedri\Desktop\LP MiAR\ProjetWeb\ProjetWeb_MRS\projetMRS\src\test\resources
2018-02-19 11:09:39,757 [Worker-3] INFO  o.e.m.c.i.embedder.EclipseLogger - Using 'UTF-8' encoding to copy filtered resources.
2018-02-19 11:09:39,757 [Worker-3] INFO  o.e.m.c.i.embedder.EclipseLogger - skip non existing resourceDirectory C:\Users\cedri\Desktop\LP MiAR\ProjetWeb\ProjetWeb_MRS\projetMRS\src\main\resources
2018-02-19 11:09:39,758 [Worker-3] INFO  o.e.m.c.i.embedder.EclipseLogger - Using 'UTF-8' encoding to copy filtered resources.
2018-02-19 11:09:39,759 [Worker-3] INFO  o.e.m.c.i.embedder.EclipseLogger - skip non existing resourceDirectory C:\Users\cedri\Desktop\LP MiAR\ProjetWeb\ProjetWeb_MRS\projetMRS\src\test\resources
2018-02-19 11:09:44,848 [Worker-14] INFO  o.e.m.c.i.embedder.EclipseLogger - Using 'UTF-8' encoding to copy filtered resources.
2018-02-19 11:09:44,855 [Worker-14] INFO  o.e.m.c.i.embedder.EclipseLogger - skip non existing resourceDirectory C:\Users\cedri\Desktop\LP MiAR\ProjetWeb\ProjetWeb_MRS\projetMRS\src\main\resources
2018-02-19 11:09:44,860 [Worker-14] INFO  o.e.m.c.i.embedder.EclipseLogger - Using 'UTF-8' encoding to copy filtered resources.
2018-02-19 11:09:44,860 [Worker-14] INFO  o.e.m.c.i.embedder.EclipseLogger - skip non existing resourceDirectory C:\Users\cedri\Desktop\LP MiAR\ProjetWeb\ProjetWeb_MRS\projetMRS\src\test\resources
2018-02-19 11:09:57,783 [Worker-7] INFO  o.e.m.c.i.embedder.EclipseLogger - Using 'UTF-8' encoding to copy filtered resources.
2018-02-19 11:09:57,783 [Worker-7] INFO  o.e.m.c.i.embedder.EclipseLogger - skip non existing resourceDirectory C:\Users\cedri\Desktop\LP MiAR\ProjetWeb\ProjetWeb_MRS\projetMRS\src\main\resources
2018-02-19 11:09:57,784 [Worker-7] INFO  o.e.m.c.i.embedder.EclipseLogger - Using 'UTF-8' encoding to copy filtered resources.
2018-02-19 11:09:57,784 [Worker-7] INFO  o.e.m.c.i.embedder.EclipseLogger - skip non existing resourceDirectory C:\Users\cedri\Desktop\LP MiAR\ProjetWeb\ProjetWeb_MRS\projetMRS\src\test\resources
2018-02-19 11:10:04,990 [Worker-0] INFO  o.e.m.c.i.embedder.EclipseLogger - Using 'UTF-8' encoding to copy filtered resources.
2018-02-19 11:10:04,998 [Worker-0] INFO  o.e.m.c.i.embedder.EclipseLogger - skip non existing resourceDirectory C:\Users\cedri\Desktop\LP MiAR\ProjetWeb\ProjetWeb_MRS\projetMRS\src\main\resources
2018-02-19 11:10:05,005 [Worker-0] INFO  o.e.m.c.i.embedder.EclipseLogger - Using 'UTF-8' encoding to copy filtered resources.
2018-02-19 11:10:05,005 [Worker-0] INFO  o.e.m.c.i.embedder.EclipseLogger - skip non existing resourceDirectory C:\Users\cedri\Desktop\LP MiAR\ProjetWeb\ProjetWeb_MRS\projetMRS\src\test\resources
2018-02-19 11:10:25,453 [Worker-16] INFO  o.e.m.c.i.embedder.EclipseLogger - Using 'UTF-8' encoding to copy filtered resources.
2018-02-19 11:10:25,454 [Worker-16] INFO  o.e.m.c.i.embedder.EclipseLogger - skip non existing resourceDirectory C:\Users\cedri\Desktop\LP MiAR\ProjetWeb\ProjetWeb_MRS\projetMRS\src\main\resources
2018-02-19 11:10:25,455 [Worker-16] INFO  o.e.m.c.i.embedder.EclipseLogger - Using 'UTF-8' encoding to copy filtered resources.
2018-02-19 11:10:25,455 [Worker-16] INFO  o.e.m.c.i.embedder.EclipseLogger - skip non existing resourceDirectory C:\Users\cedri\Desktop\LP MiAR\ProjetWeb\ProjetWeb_MRS\projetMRS\src\test\resources
2018-02-19 11:10:45,882 [Worker-14] INFO  o.e.m.c.i.embedder.EclipseLogger - Using 'UTF-8' encoding to copy filtered resources.
2018-02-19 11:10:45,887 [Worker-14] INFO  o.e.m.c.i.embedder.EclipseLogger - skip non existing resourceDirectory C:\Users\cedri\Desktop\LP MiAR\ProjetWeb\ProjetWeb_MRS\projetMRS\src\main\resources
2018-02-19 11:10:45,894 [Worker-14] INFO  o.e.m.c.i.embedder.EclipseLogger - Using 'UTF-8' encoding to copy filtered resources.
2018-02-19 11:10:45,894 [Worker-14] INFO  o.e.m.c.i.embedder.EclipseLogger - skip non existing resourceDirectory C:\Users\cedri\Desktop\LP MiAR\ProjetWeb\ProjetWeb_MRS\projetMRS\src\test\resources
2018-02-19 11:10:50,738 [Worker-15] INFO  o.e.m.c.i.embedder.EclipseLogger - Using 'UTF-8' encoding to copy filtered resources.
2018-02-19 11:10:50,738 [Worker-15] INFO  o.e.m.c.i.embedder.EclipseLogger - skip non existing resourceDirectory C:\Users\cedri\Desktop\LP MiAR\ProjetWeb\ProjetWeb_MRS\projetMRS\src\main\resources
2018-02-19 11:10:50,740 [Worker-15] INFO  o.e.m.c.i.embedder.EclipseLogger - Using 'UTF-8' encoding to copy filtered resources.
2018-02-19 11:10:50,740 [Worker-15] INFO  o.e.m.c.i.embedder.EclipseLogger - skip non existing resourceDirectory C:\Users\cedri\Desktop\LP MiAR\ProjetWeb\ProjetWeb_MRS\projetMRS\src\test\resources
2018-02-19 11:11:49,163 [Worker-15] INFO  o.e.m.c.i.embedder.EclipseLogger - Using 'UTF-8' encoding to copy filtered resources.
2018-02-19 11:11:49,167 [Worker-15] INFO  o.e.m.c.i.embedder.EclipseLogger - skip non existing resourceDirectory C:\Users\cedri\Desktop\LP MiAR\ProjetWeb\ProjetWeb_MRS\projetMRS\src\main\resources
2018-02-19 11:11:49,172 [Worker-15] INFO  o.e.m.c.i.embedder.EclipseLogger - Using 'UTF-8' encoding to copy filtered resources.
2018-02-19 11:11:49,172 [Worker-15] INFO  o.e.m.c.i.embedder.EclipseLogger - skip non existing resourceDirectory C:\Users\cedri\Desktop\LP MiAR\ProjetWeb\ProjetWeb_MRS\projetMRS\src\test\resources
2018-02-19 11:12:52,689 [Worker-3] INFO  o.e.m.c.i.embedder.EclipseLogger - Using 'UTF-8' encoding to copy filtered resources.
2018-02-19 11:12:52,690 [Worker-3] INFO  o.e.m.c.i.embedder.EclipseLogger - skip non existing resourceDirectory C:\Users\cedri\Desktop\LP MiAR\ProjetWeb\ProjetWeb_MRS\projetMRS\src\main\resources
2018-02-19 11:12:52,691 [Worker-3] INFO  o.e.m.c.i.embedder.EclipseLogger - Using 'UTF-8' encoding to copy filtered resources.
2018-02-19 11:12:52,691 [Worker-3] INFO  o.e.m.c.i.embedder.EclipseLogger - skip non existing resourceDirectory C:\Users\cedri\Desktop\LP MiAR\ProjetWeb\ProjetWeb_MRS\projetMRS\src\test\resources
2018-02-19 11:12:58,229 [Worker-15] INFO  o.e.m.c.i.embedder.EclipseLogger - Using 'UTF-8' encoding to copy filtered resources.
2018-02-19 11:12:58,235 [Worker-15] INFO  o.e.m.c.i.embedder.EclipseLogger - skip non existing resourceDirectory C:\Users\cedri\Desktop\LP MiAR\ProjetWeb\ProjetWeb_MRS\projetMRS\src\main\resources
2018-02-19 11:12:58,242 [Worker-15] INFO  o.e.m.c.i.embedder.EclipseLogger - Using 'UTF-8' encoding to copy filtered resources.
2018-02-19 11:12:58,242 [Worker-15] INFO  o.e.m.c.i.embedder.EclipseLogger - skip non existing resourceDirectory C:\Users\cedri\Desktop\LP MiAR\ProjetWeb\ProjetWeb_MRS\projetMRS\src\test\resources
2018-02-19 11:13:11,244 [Worker-8] INFO  o.e.m.c.i.embedder.EclipseLogger - Using 'UTF-8' encoding to copy filtered resources.
2018-02-19 11:13:11,244 [Worker-8] INFO  o.e.m.c.i.embedder.EclipseLogger - skip non existing resourceDirectory C:\Users\cedri\Desktop\LP MiAR\ProjetWeb\ProjetWeb_MRS\projetMRS\src\main\resources
2018-02-19 11:13:11,245 [Worker-8] INFO  o.e.m.c.i.embedder.EclipseLogger - Using 'UTF-8' encoding to copy filtered resources.
2018-02-19 11:13:11,245 [Worker-8] INFO  o.e.m.c.i.embedder.EclipseLogger - skip non existing resourceDirectory C:\Users\cedri\Desktop\LP MiAR\ProjetWeb\ProjetWeb_MRS\projetMRS\src\test\resources
2018-02-19 11:15:04,116 [Worker-16] INFO  o.e.m.c.i.embedder.EclipseLogger - Using 'UTF-8' encoding to copy filtered resources.
2018-02-19 11:15:04,120 [Worker-16] INFO  o.e.m.c.i.embedder.EclipseLogger - skip non existing resourceDirectory C:\Users\cedri\Desktop\LP MiAR\ProjetWeb\ProjetWeb_MRS\projetMRS\src\main\resources
2018-02-19 11:15:04,126 [Worker-16] INFO  o.e.m.c.i.embedder.EclipseLogger - Using 'UTF-8' encoding to copy filtered resources.
2018-02-19 11:15:04,126 [Worker-16] INFO  o.e.m.c.i.embedder.EclipseLogger - skip non existing resourceDirectory C:\Users\cedri\Desktop\LP MiAR\ProjetWeb\ProjetWeb_MRS\projetMRS\src\test\resources
2018-02-19 11:28:34,394 [Worker-11] INFO  o.e.m.c.i.embedder.EclipseLogger - Using 'UTF-8' encoding to copy filtered resources.
2018-02-19 11:28:34,394 [Worker-11] INFO  o.e.m.c.i.embedder.EclipseLogger - skip non existing resourceDirectory C:\Users\cedri\Desktop\LP MiAR\ProjetWeb\ProjetWeb_MRS\projetMRS\src\main\resources
2018-02-19 11:28:34,395 [Worker-11] INFO  o.e.m.c.i.embedder.EclipseLogger - Using 'UTF-8' encoding to copy filtered resources.
2018-02-19 11:28:34,396 [Worker-11] INFO  o.e.m.c.i.embedder.EclipseLogger - skip non existing resourceDirectory C:\Users\cedri\Desktop\LP MiAR\ProjetWeb\ProjetWeb_MRS\projetMRS\src\test\resources
2018-02-19 11:28:52,548 [Worker-11] INFO  o.e.m.c.i.embedder.EclipseLogger - Using 'UTF-8' encoding to copy filtered resources.
2018-02-19 11:28:52,553 [Worker-11] INFO  o.e.m.c.i.embedder.EclipseLogger - skip non existing resourceDirectory C:\Users\cedri\Desktop\LP MiAR\ProjetWeb\ProjetWeb_MRS\projetMRS\src\main\resources
2018-02-19 11:28:52,562 [Worker-11] INFO  o.e.m.c.i.embedder.EclipseLogger - Using 'UTF-8' encoding to copy filtered resources.
2018-02-19 11:28:52,562 [Worker-11] INFO  o.e.m.c.i.embedder.EclipseLogger - skip non existing resourceDirectory C:\Users\cedri\Desktop\LP MiAR\ProjetWeb\ProjetWeb_MRS\projetMRS\src\test\resources
2018-02-19 11:32:43,796 [Worker-18] INFO  o.e.m.c.i.embedder.EclipseLogger - Using 'UTF-8' encoding to copy filtered resources.
2018-02-19 11:32:43,797 [Worker-18] INFO  o.e.m.c.i.embedder.EclipseLogger - skip non existing resourceDirectory C:\Users\cedri\Desktop\LP MiAR\ProjetWeb\ProjetWeb_MRS\projetMRS\src\main\resources
2018-02-19 11:32:43,798 [Worker-18] INFO  o.e.m.c.i.embedder.EclipseLogger - Using 'UTF-8' encoding to copy filtered resources.
2018-02-19 11:32:43,798 [Worker-18] INFO  o.e.m.c.i.embedder.EclipseLogger - skip non existing resourceDirectory C:\Users\cedri\Desktop\LP MiAR\ProjetWeb\ProjetWeb_MRS\projetMRS\src\test\resources
2018-02-19 11:32:56,353 [Worker-3] INFO  o.e.m.c.i.embedder.EclipseLogger - Using 'UTF-8' encoding to copy filtered resources.
2018-02-19 11:32:56,359 [Worker-3] INFO  o.e.m.c.i.embedder.EclipseLogger - skip non existing resourceDirectory C:\Users\cedri\Desktop\LP MiAR\ProjetWeb\ProjetWeb_MRS\projetMRS\src\main\resources
2018-02-19 11:32:56,366 [Worker-3] INFO  o.e.m.c.i.embedder.EclipseLogger - Using 'UTF-8' encoding to copy filtered resources.
2018-02-19 11:32:56,367 [Worker-3] INFO  o.e.m.c.i.embedder.EclipseLogger - skip non existing resourceDirectory C:\Users\cedri\Desktop\LP MiAR\ProjetWeb\ProjetWeb_MRS\projetMRS\src\test\resources
2018-02-19 11:33:49,225 [Worker-21] INFO  o.e.m.c.i.embedder.EclipseLogger - Using 'UTF-8' encoding to copy filtered resources.
2018-02-19 11:33:49,225 [Worker-21] INFO  o.e.m.c.i.embedder.EclipseLogger - skip non existing resourceDirectory C:\Users\cedri\Desktop\LP MiAR\ProjetWeb\ProjetWeb_MRS\projetMRS\src\main\resources
2018-02-19 11:33:49,226 [Worker-21] INFO  o.e.m.c.i.embedder.EclipseLogger - Using 'UTF-8' encoding to copy filtered resources.
2018-02-19 11:33:49,226 [Worker-21] INFO  o.e.m.c.i.embedder.EclipseLogger - skip non existing resourceDirectory C:\Users\cedri\Desktop\LP MiAR\ProjetWeb\ProjetWeb_MRS\projetMRS\src\test\resources
2018-02-19 11:34:06,199 [Worker-23] INFO  o.e.m.c.i.embedder.EclipseLogger - Using 'UTF-8' encoding to copy filtered resources.
2018-02-19 11:34:06,203 [Worker-23] INFO  o.e.m.c.i.embedder.EclipseLogger - skip non existing resourceDirectory C:\Users\cedri\Desktop\LP MiAR\ProjetWeb\ProjetWeb_MRS\projetMRS\src\main\resources
2018-02-19 11:34:06,209 [Worker-23] INFO  o.e.m.c.i.embedder.EclipseLogger - Using 'UTF-8' encoding to copy filtered resources.
2018-02-19 11:34:06,209 [Worker-23] INFO  o.e.m.c.i.embedder.EclipseLogger - skip non existing resourceDirectory C:\Users\cedri\Desktop\LP MiAR\ProjetWeb\ProjetWeb_MRS\projetMRS\src\test\resources
2018-02-19 11:34:25,699 [Worker-19] INFO  o.e.m.c.i.embedder.EclipseLogger - Using 'UTF-8' encoding to copy filtered resources.
2018-02-19 11:34:25,699 [Worker-19] INFO  o.e.m.c.i.embedder.EclipseLogger - skip non existing resourceDirectory C:\Users\cedri\Desktop\LP MiAR\ProjetWeb\ProjetWeb_MRS\projetMRS\src\main\resources
2018-02-19 11:34:25,700 [Worker-19] INFO  o.e.m.c.i.embedder.EclipseLogger - Using 'UTF-8' encoding to copy filtered resources.
2018-02-19 11:34:25,700 [Worker-19] INFO  o.e.m.c.i.embedder.EclipseLogger - skip non existing resourceDirectory C:\Users\cedri\Desktop\LP MiAR\ProjetWeb\ProjetWeb_MRS\projetMRS\src\test\resources
2018-02-19 11:34:28,978 [Worker-20] INFO  o.e.m.c.i.embedder.EclipseLogger - Using 'UTF-8' encoding to copy filtered resources.
2018-02-19 11:34:28,984 [Worker-20] INFO  o.e.m.c.i.embedder.EclipseLogger - skip non existing resourceDirectory C:\Users\cedri\Desktop\LP MiAR\ProjetWeb\ProjetWeb_MRS\projetMRS\src\main\resources
2018-02-19 11:34:28,990 [Worker-20] INFO  o.e.m.c.i.embedder.EclipseLogger - Using 'UTF-8' encoding to copy filtered resources.
2018-02-19 11:34:28,990 [Worker-20] INFO  o.e.m.c.i.embedder.EclipseLogger - skip non existing resourceDirectory C:\Users\cedri\Desktop\LP MiAR\ProjetWeb\ProjetWeb_MRS\projetMRS\src\test\resources
2018-02-19 11:35:08,410 [Worker-21] INFO  o.e.m.c.i.embedder.EclipseLogger - Using 'UTF-8' encoding to copy filtered resources.
2018-02-19 11:35:08,410 [Worker-21] INFO  o.e.m.c.i.embedder.EclipseLogger - skip non existing resourceDirectory C:\Users\cedri\Desktop\LP MiAR\ProjetWeb\ProjetWeb_MRS\projetMRS\src\main\resources
2018-02-19 11:35:08,412 [Worker-21] INFO  o.e.m.c.i.embedder.EclipseLogger - Using 'UTF-8' encoding to copy filtered resources.
2018-02-19 11:35:08,412 [Worker-21] INFO  o.e.m.c.i.embedder.EclipseLogger - skip non existing resourceDirectory C:\Users\cedri\Desktop\LP MiAR\ProjetWeb\ProjetWeb_MRS\projetMRS\src\test\resources
2018-02-19 11:35:24,928 [Worker-19] INFO  o.e.m.c.i.embedder.EclipseLogger - Using 'UTF-8' encoding to copy filtered resources.
2018-02-19 11:35:24,932 [Worker-19] INFO  o.e.m.c.i.embedder.EclipseLogger - skip non existing resourceDirectory C:\Users\cedri\Desktop\LP MiAR\ProjetWeb\ProjetWeb_MRS\projetMRS\src\main\resources
2018-02-19 11:35:24,938 [Worker-19] INFO  o.e.m.c.i.embedder.EclipseLogger - Using 'UTF-8' encoding to copy filtered resources.
2018-02-19 11:35:24,938 [Worker-19] INFO  o.e.m.c.i.embedder.EclipseLogger - skip non existing resourceDirectory C:\Users\cedri\Desktop\LP MiAR\ProjetWeb\ProjetWeb_MRS\projetMRS\src\test\resources
2018-02-19 11:36:24,852 [Worker-22] INFO  o.e.m.c.i.embedder.EclipseLogger - Using 'UTF-8' encoding to copy filtered resources.
2018-02-19 11:36:24,852 [Worker-22] INFO  o.e.m.c.i.embedder.EclipseLogger - skip non existing resourceDirectory C:\Users\cedri\Desktop\LP MiAR\ProjetWeb\ProjetWeb_MRS\projetMRS\src\main\resources
2018-02-19 11:36:24,853 [Worker-22] INFO  o.e.m.c.i.embedder.EclipseLogger - Using 'UTF-8' encoding to copy filtered resources.
2018-02-19 11:36:24,853 [Worker-22] INFO  o.e.m.c.i.embedder.EclipseLogger - skip non existing resourceDirectory C:\Users\cedri\Desktop\LP MiAR\ProjetWeb\ProjetWeb_MRS\projetMRS\src\test\resources
2018-02-19 11:36:36,302 [Worker-7] INFO  o.e.m.c.i.embedder.EclipseLogger - Using 'UTF-8' encoding to copy filtered resources.
2018-02-19 11:36:36,309 [Worker-7] INFO  o.e.m.c.i.embedder.EclipseLogger - skip non existing resourceDirectory C:\Users\cedri\Desktop\LP MiAR\ProjetWeb\ProjetWeb_MRS\projetMRS\src\main\resources
2018-02-19 11:36:36,316 [Worker-7] INFO  o.e.m.c.i.embedder.EclipseLogger - Using 'UTF-8' encoding to copy filtered resources.
2018-02-19 11:36:36,316 [Worker-7] INFO  o.e.m.c.i.embedder.EclipseLogger - skip non existing resourceDirectory C:\Users\cedri\Desktop\LP MiAR\ProjetWeb\ProjetWeb_MRS\projetMRS\src\test\resources
2018-02-19 11:36:49,539 [Worker-19] INFO  o.e.m.c.i.embedder.EclipseLogger - Using 'UTF-8' encoding to copy filtered resources.
2018-02-19 11:36:49,539 [Worker-19] INFO  o.e.m.c.i.embedder.EclipseLogger - skip non existing resourceDirectory C:\Users\cedri\Desktop\LP MiAR\ProjetWeb\ProjetWeb_MRS\projetMRS\src\main\resources
2018-02-19 11:36:49,540 [Worker-19] INFO  o.e.m.c.i.embedder.EclipseLogger - Using 'UTF-8' encoding to copy filtered resources.
2018-02-19 11:36:49,540 [Worker-19] INFO  o.e.m.c.i.embedder.EclipseLogger - skip non existing resourceDirectory C:\Users\cedri\Desktop\LP MiAR\ProjetWeb\ProjetWeb_MRS\projetMRS\src\test\resources
2018-02-19 11:36:51,287 [Worker-18] INFO  o.e.m.c.i.embedder.EclipseLogger - Using 'UTF-8' encoding to copy filtered resources.
2018-02-19 11:36:51,291 [Worker-18] INFO  o.e.m.c.i.embedder.EclipseLogger - skip non existing resourceDirectory C:\Users\cedri\Desktop\LP MiAR\ProjetWeb\ProjetWeb_MRS\projetMRS\src\main\resources
2018-02-19 11:36:51,296 [Worker-18] INFO  o.e.m.c.i.embedder.EclipseLogger - Using 'UTF-8' encoding to copy filtered resources.
2018-02-19 11:36:51,296 [Worker-18] INFO  o.e.m.c.i.embedder.EclipseLogger - skip non existing resourceDirectory C:\Users\cedri\Desktop\LP MiAR\ProjetWeb\ProjetWeb_MRS\projetMRS\src\test\resources
2018-02-19 11:39:03,226 [Worker-23] INFO  o.e.m.c.i.embedder.EclipseLogger - Using 'UTF-8' encoding to copy filtered resources.
2018-02-19 11:39:03,226 [Worker-23] INFO  o.e.m.c.i.embedder.EclipseLogger - skip non existing resourceDirectory C:\Users\cedri\Desktop\LP MiAR\ProjetWeb\ProjetWeb_MRS\projetMRS\src\main\resources
2018-02-19 11:39:03,227 [Worker-23] INFO  o.e.m.c.i.embedder.EclipseLogger - Using 'UTF-8' encoding to copy filtered resources.
2018-02-19 11:39:03,227 [Worker-23] INFO  o.e.m.c.i.embedder.EclipseLogger - skip non existing resourceDirectory C:\Users\cedri\Desktop\LP MiAR\ProjetWeb\ProjetWeb_MRS\projetMRS\src\test\resources
2018-02-19 11:39:14,439 [Worker-18] INFO  o.e.m.c.i.p.ProjectConfigurationManager - Update started
2018-02-19 11:39:15,969 [Worker-18] INFO  o.e.m.c.i.l.LifecycleMappingFactory - Using org.eclipse.m2e.jdt.JarLifecycleMapping lifecycle mapping for MavenProject: iut.nantes:projetMRS:0.0.1-SNAPSHOT @ C:\Users\cedri\Desktop\LP MiAR\ProjetWeb\ProjetWeb_MRS\projetMRS\pom.xml.
2018-02-19 11:39:17,396 [Worker-18] INFO  o.e.m.j.i.AbstractJavaProjectConfigurator - Adding source folder /projetMRS/src/main/java
2018-02-19 11:39:17,401 [Worker-18] INFO  o.e.m.j.i.AbstractJavaProjectConfigurator - Adding source folder /projetMRS/src/test/java
2018-02-19 11:39:17,574 [Worker-18] INFO  o.e.m.c.i.p.ProjectConfigurationManager - Update completed: 3 sec
2018-02-19 11:39:17,942 [Worker-21] INFO  o.e.m.c.i.embedder.EclipseLogger - Using 'UTF-8' encoding to copy filtered resources.
2018-02-19 11:39:17,946 [Worker-21] INFO  o.e.m.c.i.embedder.EclipseLogger - skip non existing resourceDirectory C:\Users\cedri\Desktop\LP MiAR\ProjetWeb\ProjetWeb_MRS\projetMRS\src\main\resources
2018-02-19 11:39:17,948 [Worker-21] INFO  o.e.m.c.i.embedder.EclipseLogger - Using 'UTF-8' encoding to copy filtered resources.
2018-02-19 11:39:17,951 [Worker-21] INFO  o.e.m.c.i.embedder.EclipseLogger - skip non existing resourceDirectory C:\Users\cedri\Desktop\LP MiAR\ProjetWeb\ProjetWeb_MRS\projetMRS\src\test\resources
2018-02-19 11:39:23,442 [Worker-20] INFO  o.e.m.i.launch.MavenLaunchDelegate - C:\Users\cedri\Desktop\LP MiAR\ProjetWeb\ProjetWeb_MRS\projetMRS
2018-02-19 11:39:23,443 [Worker-20] INFO  o.e.m.i.launch.MavenLaunchDelegate -  mvn -B clean install
2018-02-19 11:41:20,319 [Worker-19] INFO  o.e.m.c.i.embedder.EclipseLogger - Using 'UTF-8' encoding to copy filtered resources.
2018-02-19 11:41:20,325 [Worker-19] INFO  o.e.m.c.i.embedder.EclipseLogger - skip non existing resourceDirectory C:\Users\cedri\Desktop\LP MiAR\ProjetWeb\ProjetWeb_MRS\projetMRS\src\main\resources
2018-02-19 11:41:20,332 [Worker-19] INFO  o.e.m.c.i.embedder.EclipseLogger - Using 'UTF-8' encoding to copy filtered resources.
2018-02-19 11:41:20,336 [Worker-19] INFO  o.e.m.c.i.embedder.EclipseLogger - skip non existing resourceDirectory C:\Users\cedri\Desktop\LP MiAR\ProjetWeb\ProjetWeb_MRS\projetMRS\src\test\resources
2018-02-19 11:41:21,358 [Worker-18] INFO  o.e.m.c.i.embedder.EclipseLogger - Using 'UTF-8' encoding to copy filtered resources.
2018-02-19 11:41:21,364 [Worker-18] INFO  o.e.m.c.i.embedder.EclipseLogger - skip non existing resourceDirectory C:\Users\cedri\Desktop\LP MiAR\ProjetWeb\ProjetWeb_MRS\projetMRS\src\main\resources
2018-02-19 11:41:21,372 [Worker-18] INFO  o.e.m.c.i.embedder.EclipseLogger - Using 'UTF-8' encoding to copy filtered resources.
2018-02-19 11:41:21,377 [Worker-18] INFO  o.e.m.c.i.embedder.EclipseLogger - skip non existing resourceDirectory C:\Users\cedri\Desktop\LP MiAR\ProjetWeb\ProjetWeb_MRS\projetMRS\src\test\resources
2018-02-19 11:42:36,346 [Worker-22] INFO  o.e.m.c.i.embedder.EclipseLogger - Using 'UTF-8' encoding to copy filtered resources.
2018-02-19 11:42:36,351 [Worker-22] INFO  o.e.m.c.i.embedder.EclipseLogger - skip non existing resourceDirectory C:\Users\cedri\Desktop\LP MiAR\ProjetWeb\ProjetWeb_MRS\projetMRS\src\main\resources
2018-02-19 11:42:36,355 [Worker-22] INFO  o.e.m.c.i.embedder.EclipseLogger - Using 'UTF-8' encoding to copy filtered resources.
2018-02-19 11:42:36,358 [Worker-22] INFO  o.e.m.c.i.embedder.EclipseLogger - skip non existing resourceDirectory C:\Users\cedri\Desktop\LP MiAR\ProjetWeb\ProjetWeb_MRS\projetMRS\src\test\resources
2018-02-19 11:42:42,871 [Worker-7] INFO  o.e.m.c.i.embedder.EclipseLogger - Using 'UTF-8' encoding to copy filtered resources.
2018-02-19 11:42:42,876 [Worker-7] INFO  o.e.m.c.i.embedder.EclipseLogger - skip non existing resourceDirectory C:\Users\cedri\Desktop\LP MiAR\ProjetWeb\ProjetWeb_MRS\projetMRS\src\main\resources
2018-02-19 11:42:42,882 [Worker-7] INFO  o.e.m.c.i.embedder.EclipseLogger - Using 'UTF-8' encoding to copy filtered resources.
2018-02-19 11:42:42,888 [Worker-7] INFO  o.e.m.c.i.embedder.EclipseLogger - skip non existing resourceDirectory C:\Users\cedri\Desktop\LP MiAR\ProjetWeb\ProjetWeb_MRS\projetMRS\src\test\resources
2018-02-19 11:42:56,159 [Worker-23] INFO  o.e.m.c.i.embedder.EclipseLogger - Using 'UTF-8' encoding to copy filtered resources.
2018-02-19 11:42:56,165 [Worker-23] INFO  o.e.m.c.i.embedder.EclipseLogger - skip non existing resourceDirectory C:\Users\cedri\Desktop\LP MiAR\ProjetWeb\ProjetWeb_MRS\projetMRS\src\main\resources
2018-02-19 11:42:56,169 [Worker-23] INFO  o.e.m.c.i.embedder.EclipseLogger - Using 'UTF-8' encoding to copy filtered resources.
2018-02-19 11:42:56,174 [Worker-23] INFO  o.e.m.c.i.embedder.EclipseLogger - skip non existing resourceDirectory C:\Users\cedri\Desktop\LP MiAR\ProjetWeb\ProjetWeb_MRS\projetMRS\src\test\resources
2018-02-19 11:43:22,006 [Worker-20] INFO  o.e.m.c.i.embedder.EclipseLogger - Using 'UTF-8' encoding to copy filtered resources.
2018-02-19 11:43:22,011 [Worker-20] INFO  o.e.m.c.i.embedder.EclipseLogger - skip non existing resourceDirectory C:\Users\cedri\Desktop\LP MiAR\ProjetWeb\ProjetWeb_MRS\projetMRS\src\main\resources
2018-02-19 11:43:22,018 [Worker-20] INFO  o.e.m.c.i.embedder.EclipseLogger - Using 'UTF-8' encoding to copy filtered resources.
2018-02-19 11:43:22,025 [Worker-20] INFO  o.e.m.c.i.embedder.EclipseLogger - skip non existing resourceDirectory C:\Users\cedri\Desktop\LP MiAR\ProjetWeb\ProjetWeb_MRS\projetMRS\src\test\resources
2018-02-19 11:44:18,604 [Worker-3] INFO  o.e.m.c.i.embedder.EclipseLogger - Using 'UTF-8' encoding to copy filtered resources.
2018-02-19 11:44:18,610 [Worker-3] INFO  o.e.m.c.i.embedder.EclipseLogger - skip non existing resourceDirectory C:\Users\cedri\Desktop\LP MiAR\ProjetWeb\ProjetWeb_MRS\projetMRS\src\main\resources
2018-02-19 11:44:18,617 [Worker-3] INFO  o.e.m.c.i.embedder.EclipseLogger - Using 'UTF-8' encoding to copy filtered resources.
2018-02-19 11:44:18,621 [Worker-3] INFO  o.e.m.c.i.embedder.EclipseLogger - skip non existing resourceDirectory C:\Users\cedri\Desktop\LP MiAR\ProjetWeb\ProjetWeb_MRS\projetMRS\src\test\resources
2018-02-19 11:45:05,244 [Worker-3] INFO  o.e.m.c.i.embedder.EclipseLogger - Using 'UTF-8' encoding to copy filtered resources.
2018-02-19 11:45:05,249 [Worker-3] INFO  o.e.m.c.i.embedder.EclipseLogger - skip non existing resourceDirectory C:\Users\cedri\Desktop\LP MiAR\ProjetWeb\ProjetWeb_MRS\projetMRS\src\main\resources
2018-02-19 11:45:05,253 [Worker-3] INFO  o.e.m.c.i.embedder.EclipseLogger - Using 'UTF-8' encoding to copy filtered resources.
2018-02-19 11:45:05,257 [Worker-3] INFO  o.e.m.c.i.embedder.EclipseLogger - skip non existing resourceDirectory C:\Users\cedri\Desktop\LP MiAR\ProjetWeb\ProjetWeb_MRS\projetMRS\src\test\resources
2018-02-19 11:45:10,387 [Worker-19] INFO  o.e.m.c.i.embedder.EclipseLogger - Using 'UTF-8' encoding to copy filtered resources.
2018-02-19 11:45:10,391 [Worker-19] INFO  o.e.m.c.i.embedder.EclipseLogger - skip non existing resourceDirectory C:\Users\cedri\Desktop\LP MiAR\ProjetWeb\ProjetWeb_MRS\projetMRS\src\main\resources
2018-02-19 11:45:10,395 [Worker-19] INFO  o.e.m.c.i.embedder.EclipseLogger - Using 'UTF-8' encoding to copy filtered resources.
2018-02-19 11:45:10,399 [Worker-19] INFO  o.e.m.c.i.embedder.EclipseLogger - skip non existing resourceDirectory C:\Users\cedri\Desktop\LP MiAR\ProjetWeb\ProjetWeb_MRS\projetMRS\src\test\resources
2018-02-19 11:45:57,547 [Worker-7] INFO  o.e.m.c.i.embedder.EclipseLogger - Using 'UTF-8' encoding to copy filtered resources.
2018-02-19 11:45:57,552 [Worker-7] INFO  o.e.m.c.i.embedder.EclipseLogger - skip non existing resourceDirectory C:\Users\cedri\Desktop\LP MiAR\ProjetWeb\ProjetWeb_MRS\projetMRS\src\main\resources
2018-02-19 11:45:57,557 [Worker-7] INFO  o.e.m.c.i.embedder.EclipseLogger - Using 'UTF-8' encoding to copy filtered resources.
2018-02-19 11:45:57,564 [Worker-7] INFO  o.e.m.c.i.embedder.EclipseLogger - skip non existing resourceDirectory C:\Users\cedri\Desktop\LP MiAR\ProjetWeb\ProjetWeb_MRS\projetMRS\src\test\resources
2018-02-19 11:48:16,400 [Worker-18] INFO  o.e.m.c.i.embedder.EclipseLogger - Using 'UTF-8' encoding to copy filtered resources.
2018-02-19 11:48:16,407 [Worker-18] INFO  o.e.m.c.i.embedder.EclipseLogger - skip non existing resourceDirectory C:\Users\cedri\Desktop\LP MiAR\ProjetWeb\ProjetWeb_MRS\projetMRS\src\main\resources
2018-02-19 11:48:16,417 [Worker-18] INFO  o.e.m.c.i.embedder.EclipseLogger - Using 'UTF-8' encoding to copy filtered resources.
2018-02-19 11:48:16,422 [Worker-18] INFO  o.e.m.c.i.embedder.EclipseLogger - skip non existing resourceDirectory C:\Users\cedri\Desktop\LP MiAR\ProjetWeb\ProjetWeb_MRS\projetMRS\src\test\resources
2018-02-19 11:48:21,870 [Worker-19] INFO  o.e.m.c.i.embedder.EclipseLogger - Using 'UTF-8' encoding to copy filtered resources.
2018-02-19 11:48:21,877 [Worker-19] INFO  o.e.m.c.i.embedder.EclipseLogger - skip non existing resourceDirectory C:\Users\cedri\Desktop\LP MiAR\ProjetWeb\ProjetWeb_MRS\projetMRS\src\main\resources
2018-02-19 11:48:21,885 [Worker-19] INFO  o.e.m.c.i.embedder.EclipseLogger - Using 'UTF-8' encoding to copy filtered resources.
2018-02-19 11:48:21,893 [Worker-19] INFO  o.e.m.c.i.embedder.EclipseLogger - skip non existing resourceDirectory C:\Users\cedri\Desktop\LP MiAR\ProjetWeb\ProjetWeb_MRS\projetMRS\src\test\resources
2018-02-19 11:51:29,961 [Worker-27] INFO  o.e.m.c.i.embedder.EclipseLogger - Using 'UTF-8' encoding to copy filtered resources.
2018-02-19 11:51:29,969 [Worker-27] INFO  o.e.m.c.i.embedder.EclipseLogger - skip non existing resourceDirectory C:\Users\cedri\Desktop\LP MiAR\ProjetWeb\ProjetWeb_MRS\projetMRS\src\main\resources
2018-02-19 11:51:29,976 [Worker-27] INFO  o.e.m.c.i.embedder.EclipseLogger - Using 'UTF-8' encoding to copy filtered resources.
2018-02-19 11:51:29,982 [Worker-27] INFO  o.e.m.c.i.embedder.EclipseLogger - skip non existing resourceDirectory C:\Users\cedri\Desktop\LP MiAR\ProjetWeb\ProjetWeb_MRS\projetMRS\src\test\resources
2018-02-19 11:51:40,158 [Worker-18] INFO  o.e.m.c.i.p.ProjectConfigurationManager - Update started
2018-02-19 11:51:41,562 [Worker-18] INFO  o.e.m.c.i.l.LifecycleMappingFactory - Using org.eclipse.m2e.jdt.JarLifecycleMapping lifecycle mapping for MavenProject: iut.nantes:projetMRS:0.0.1-SNAPSHOT @ C:\Users\cedri\Desktop\LP MiAR\ProjetWeb\ProjetWeb_MRS\projetMRS\pom.xml.
2018-02-19 11:51:42,601 [Worker-18] INFO  o.e.m.j.i.AbstractJavaProjectConfigurator - Adding source folder /projetMRS/src/main/java
2018-02-19 11:51:42,609 [Worker-18] INFO  o.e.m.j.i.AbstractJavaProjectConfigurator - Adding source folder /projetMRS/src/test/java
2018-02-19 11:51:42,737 [Worker-18] INFO  o.e.m.c.i.p.ProjectConfigurationManager - Update completed: 2 sec
2018-02-19 11:51:43,280 [Worker-24] INFO  o.e.m.c.i.embedder.EclipseLogger - Using 'UTF-8' encoding to copy filtered resources.
2018-02-19 11:51:43,280 [Worker-24] INFO  o.e.m.c.i.embedder.EclipseLogger - skip non existing resourceDirectory C:\Users\cedri\Desktop\LP MiAR\ProjetWeb\ProjetWeb_MRS\projetMRS\src\main\resources
2018-02-19 11:51:43,349 [Worker-24] INFO  o.e.m.c.i.embedder.EclipseLogger - Using 'UTF-8' encoding to copy filtered resources.
2018-02-19 11:51:43,350 [Worker-24] INFO  o.e.m.c.i.embedder.EclipseLogger - skip non existing resourceDirectory C:\Users\cedri\Desktop\LP MiAR\ProjetWeb\ProjetWeb_MRS\projetMRS\src\test\resources
2018-02-19 11:51:45,811 [Worker-27] INFO  o.e.m.i.launch.MavenLaunchDelegate - C:\Users\cedri\Desktop\LP MiAR\ProjetWeb\ProjetWeb_MRS\projetMRS
2018-02-19 11:51:45,811 [Worker-27] INFO  o.e.m.i.launch.MavenLaunchDelegate -  mvn -B clean install
2018-02-19 11:53:21,106 [Worker-28] INFO  o.e.m.c.i.embedder.EclipseLogger - Using 'UTF-8' encoding to copy filtered resources.
2018-02-19 11:53:21,106 [Worker-28] INFO  o.e.m.c.i.embedder.EclipseLogger - skip non existing resourceDirectory C:\Users\cedri\Desktop\LP MiAR\ProjetWeb\ProjetWeb_MRS\projetMRS\src\main\resources
2018-02-19 11:53:21,115 [Worker-28] INFO  o.e.m.c.i.embedder.EclipseLogger - Using 'UTF-8' encoding to copy filtered resources.
2018-02-19 11:53:21,121 [Worker-28] INFO  o.e.m.c.i.embedder.EclipseLogger - skip non existing resourceDirectory C:\Users\cedri\Desktop\LP MiAR\ProjetWeb\ProjetWeb_MRS\projetMRS\src\test\resources
2018-02-19 11:53:22,186 [Worker-19] INFO  o.e.m.c.i.embedder.EclipseLogger - Using 'UTF-8' encoding to copy filtered resources.
2018-02-19 11:53:22,187 [Worker-19] INFO  o.e.m.c.i.embedder.EclipseLogger - skip non existing resourceDirectory C:\Users\cedri\Desktop\LP MiAR\ProjetWeb\ProjetWeb_MRS\projetMRS\src\main\resources
2018-02-19 11:53:22,192 [Worker-19] INFO  o.e.m.c.i.embedder.EclipseLogger - Using 'UTF-8' encoding to copy filtered resources.
2018-02-19 11:53:22,198 [Worker-19] INFO  o.e.m.c.i.embedder.EclipseLogger - skip non existing resourceDirectory C:\Users\cedri\Desktop\LP MiAR\ProjetWeb\ProjetWeb_MRS\projetMRS\src\test\resources
2018-02-19 11:53:24,547 [Worker-28] INFO  o.e.m.c.i.embedder.EclipseLogger - Using 'UTF-8' encoding to copy filtered resources.
2018-02-19 11:53:24,547 [Worker-28] INFO  o.e.m.c.i.embedder.EclipseLogger - skip non existing resourceDirectory C:\Users\cedri\Desktop\LP MiAR\ProjetWeb\ProjetWeb_MRS\projetMRS\src\main\resources
2018-02-19 11:53:24,552 [Worker-28] INFO  o.e.m.c.i.embedder.EclipseLogger - Using 'UTF-8' encoding to copy filtered resources.
2018-02-19 11:53:24,557 [Worker-28] INFO  o.e.m.c.i.embedder.EclipseLogger - skip non existing resourceDirectory C:\Users\cedri\Desktop\LP MiAR\ProjetWeb\ProjetWeb_MRS\projetMRS\src\test\resources
2018-02-19 11:53:30,510 [Worker-29] INFO  o.e.m.c.i.embedder.EclipseLogger - Using 'UTF-8' encoding to copy filtered resources.
2018-02-19 11:53:30,511 [Worker-29] INFO  o.e.m.c.i.embedder.EclipseLogger - skip non existing resourceDirectory C:\Users\cedri\Desktop\LP MiAR\ProjetWeb\ProjetWeb_MRS\projetMRS\src\main\resources
2018-02-19 11:53:30,518 [Worker-29] INFO  o.e.m.c.i.embedder.EclipseLogger - Using 'UTF-8' encoding to copy filtered resources.
2018-02-19 11:53:30,525 [Worker-29] INFO  o.e.m.c.i.embedder.EclipseLogger - skip non existing resourceDirectory C:\Users\cedri\Desktop\LP MiAR\ProjetWeb\ProjetWeb_MRS\projetMRS\src\test\resources
2018-02-19 11:53:32,256 [Worker-19] INFO  o.e.m.c.i.embedder.EclipseLogger - Using 'UTF-8' encoding to copy filtered resources.
2018-02-19 11:53:32,256 [Worker-19] INFO  o.e.m.c.i.embedder.EclipseLogger - skip non existing resourceDirectory C:\Users\cedri\Desktop\LP MiAR\ProjetWeb\ProjetWeb_MRS\projetMRS\src\main\resources
2018-02-19 11:53:32,263 [Worker-19] INFO  o.e.m.c.i.embedder.EclipseLogger - Using 'UTF-8' encoding to copy filtered resources.
2018-02-19 11:53:32,267 [Worker-19] INFO  o.e.m.c.i.embedder.EclipseLogger - skip non existing resourceDirectory C:\Users\cedri\Desktop\LP MiAR\ProjetWeb\ProjetWeb_MRS\projetMRS\src\test\resources
2018-02-19 11:54:58,371 [Worker-19] INFO  o.e.m.c.i.embedder.EclipseLogger - Using 'UTF-8' encoding to copy filtered resources.
2018-02-19 11:54:58,371 [Worker-19] INFO  o.e.m.c.i.embedder.EclipseLogger - skip non existing resourceDirectory C:\Users\cedri\Desktop\LP MiAR\ProjetWeb\ProjetWeb_MRS\projetMRS\src\main\resources
2018-02-19 11:54:58,399 [Worker-19] INFO  o.e.m.c.i.embedder.EclipseLogger - Using 'UTF-8' encoding to copy filtered resources.
2018-02-19 11:54:58,407 [Worker-19] INFO  o.e.m.c.i.embedder.EclipseLogger - skip non existing resourceDirectory C:\Users\cedri\Desktop\LP MiAR\ProjetWeb\ProjetWeb_MRS\projetMRS\src\test\resources
2018-02-19 11:55:05,012 [Worker-28] INFO  o.e.m.c.i.embedder.EclipseLogger - Using 'UTF-8' encoding to copy filtered resources.
2018-02-19 11:55:05,013 [Worker-28] INFO  o.e.m.c.i.embedder.EclipseLogger - skip non existing resourceDirectory C:\Users\cedri\Desktop\LP MiAR\ProjetWeb\ProjetWeb_MRS\projetMRS\src\main\resources
2018-02-19 11:55:05,018 [Worker-28] INFO  o.e.m.c.i.embedder.EclipseLogger - Using 'UTF-8' encoding to copy filtered resources.
2018-02-19 11:55:05,022 [Worker-28] INFO  o.e.m.c.i.embedder.EclipseLogger - skip non existing resourceDirectory C:\Users\cedri\Desktop\LP MiAR\ProjetWeb\ProjetWeb_MRS\projetMRS\src\test\resources
2018-02-19 11:55:25,975 [Worker-28] INFO  o.e.m.c.i.embedder.EclipseLogger - Using 'UTF-8' encoding to copy filtered resources.
2018-02-19 11:55:25,975 [Worker-28] INFO  o.e.m.c.i.embedder.EclipseLogger - skip non existing resourceDirectory C:\Users\cedri\Desktop\LP MiAR\ProjetWeb\ProjetWeb_MRS\projetMRS\src\main\resources
2018-02-19 11:55:25,980 [Worker-28] INFO  o.e.m.c.i.embedder.EclipseLogger - Using 'UTF-8' encoding to copy filtered resources.
2018-02-19 11:55:25,983 [Worker-28] INFO  o.e.m.c.i.embedder.EclipseLogger - skip non existing resourceDirectory C:\Users\cedri\Desktop\LP MiAR\ProjetWeb\ProjetWeb_MRS\projetMRS\src\test\resources
2018-02-19 11:57:07,142 [Worker-26] INFO  o.e.m.c.i.embedder.EclipseLogger - Using 'UTF-8' encoding to copy filtered resources.
2018-02-19 11:57:07,143 [Worker-26] INFO  o.e.m.c.i.embedder.EclipseLogger - skip non existing resourceDirectory C:\Users\cedri\Desktop\LP MiAR\ProjetWeb\ProjetWeb_MRS\projetMRS\src\main\resources
2018-02-19 11:57:07,150 [Worker-26] INFO  o.e.m.c.i.embedder.EclipseLogger - Using 'UTF-8' encoding to copy filtered resources.
2018-02-19 11:57:07,156 [Worker-26] INFO  o.e.m.c.i.embedder.EclipseLogger - skip non existing resourceDirectory C:\Users\cedri\Desktop\LP MiAR\ProjetWeb\ProjetWeb_MRS\projetMRS\src\test\resources
2018-02-19 11:57:12,213 [Worker-28] INFO  o.e.m.c.i.embedder.EclipseLogger - Using 'UTF-8' encoding to copy filtered resources.
2018-02-19 11:57:12,214 [Worker-28] INFO  o.e.m.c.i.embedder.EclipseLogger - skip non existing resourceDirectory C:\Users\cedri\Desktop\LP MiAR\ProjetWeb\ProjetWeb_MRS\projetMRS\src\main\resources
2018-02-19 11:57:12,220 [Worker-28] INFO  o.e.m.c.i.embedder.EclipseLogger - Using 'UTF-8' encoding to copy filtered resources.
2018-02-19 11:57:12,224 [Worker-28] INFO  o.e.m.c.i.embedder.EclipseLogger - skip non existing resourceDirectory C:\Users\cedri\Desktop\LP MiAR\ProjetWeb\ProjetWeb_MRS\projetMRS\src\test\resources
2018-02-19 11:57:55,550 [Worker-27] INFO  o.e.m.c.i.embedder.EclipseLogger - Using 'UTF-8' encoding to copy filtered resources.
2018-02-19 11:57:55,551 [Worker-27] INFO  o.e.m.c.i.embedder.EclipseLogger - skip non existing resourceDirectory C:\Users\cedri\Desktop\LP MiAR\ProjetWeb\ProjetWeb_MRS\projetMRS\src\main\resources
2018-02-19 11:57:55,558 [Worker-27] INFO  o.e.m.c.i.embedder.EclipseLogger - Using 'UTF-8' encoding to copy filtered resources.
2018-02-19 11:57:55,564 [Worker-27] INFO  o.e.m.c.i.embedder.EclipseLogger - skip non existing resourceDirectory C:\Users\cedri\Desktop\LP MiAR\ProjetWeb\ProjetWeb_MRS\projetMRS\src\test\resources
2018-02-19 11:57:57,303 [Worker-19] INFO  o.e.m.c.i.embedder.EclipseLogger - Using 'UTF-8' encoding to copy filtered resources.
2018-02-19 11:57:57,303 [Worker-19] INFO  o.e.m.c.i.embedder.EclipseLogger - skip non existing resourceDirectory C:\Users\cedri\Desktop\LP MiAR\ProjetWeb\ProjetWeb_MRS\projetMRS\src\main\resources
2018-02-19 11:57:57,311 [Worker-19] INFO  o.e.m.c.i.embedder.EclipseLogger - Using 'UTF-8' encoding to copy filtered resources.
2018-02-19 11:57:57,318 [Worker-19] INFO  o.e.m.c.i.embedder.EclipseLogger - skip non existing resourceDirectory C:\Users\cedri\Desktop\LP MiAR\ProjetWeb\ProjetWeb_MRS\projetMRS\src\test\resources
2018-02-19 11:58:05,895 [Worker-30] INFO  o.e.m.c.i.embedder.EclipseLogger - Using 'UTF-8' encoding to copy filtered resources.
2018-02-19 11:58:05,895 [Worker-30] INFO  o.e.m.c.i.embedder.EclipseLogger - skip non existing resourceDirectory C:\Users\cedri\Desktop\LP MiAR\ProjetWeb\ProjetWeb_MRS\projetMRS\src\main\resources
2018-02-19 11:58:05,901 [Worker-30] INFO  o.e.m.c.i.embedder.EclipseLogger - Using 'UTF-8' encoding to copy filtered resources.
2018-02-19 11:58:05,905 [Worker-30] INFO  o.e.m.c.i.embedder.EclipseLogger - skip non existing resourceDirectory C:\Users\cedri\Desktop\LP MiAR\ProjetWeb\ProjetWeb_MRS\projetMRS\src\test\resources
2018-02-19 11:58:17,451 [Worker-28] INFO  o.e.m.c.i.embedder.EclipseLogger - Using 'UTF-8' encoding to copy filtered resources.
2018-02-19 11:58:17,451 [Worker-28] INFO  o.e.m.c.i.embedder.EclipseLogger - skip non existing resourceDirectory C:\Users\cedri\Desktop\LP MiAR\ProjetWeb\ProjetWeb_MRS\projetMRS\src\main\resources
2018-02-19 11:58:17,457 [Worker-28] INFO  o.e.m.c.i.embedder.EclipseLogger - Using 'UTF-8' encoding to copy filtered resources.
2018-02-19 11:58:17,463 [Worker-28] INFO  o.e.m.c.i.embedder.EclipseLogger - skip non existing resourceDirectory C:\Users\cedri\Desktop\LP MiAR\ProjetWeb\ProjetWeb_MRS\projetMRS\src\test\resources
2018-02-19 11:58:27,890 [Worker-30] INFO  o.e.m.c.i.embedder.EclipseLogger - Using 'UTF-8' encoding to copy filtered resources.
2018-02-19 11:58:27,890 [Worker-30] INFO  o.e.m.c.i.embedder.EclipseLogger - skip non existing resourceDirectory C:\Users\cedri\Desktop\LP MiAR\ProjetWeb\ProjetWeb_MRS\projetMRS\src\main\resources
2018-02-19 11:58:27,899 [Worker-30] INFO  o.e.m.c.i.embedder.EclipseLogger - Using 'UTF-8' encoding to copy filtered resources.
2018-02-19 11:58:27,905 [Worker-30] INFO  o.e.m.c.i.embedder.EclipseLogger - skip non existing resourceDirectory C:\Users\cedri\Desktop\LP MiAR\ProjetWeb\ProjetWeb_MRS\projetMRS\src\test\resources
2018-02-19 11:59:16,982 [Worker-29] INFO  o.e.m.c.i.embedder.EclipseLogger - Using 'UTF-8' encoding to copy filtered resources.
2018-02-19 11:59:16,982 [Worker-29] INFO  o.e.m.c.i.embedder.EclipseLogger - skip non existing resourceDirectory C:\Users\cedri\Desktop\LP MiAR\ProjetWeb\ProjetWeb_MRS\projetMRS\src\main\resources
2018-02-19 11:59:16,989 [Worker-29] INFO  o.e.m.c.i.embedder.EclipseLogger - Using 'UTF-8' encoding to copy filtered resources.
2018-02-19 11:59:16,995 [Worker-29] INFO  o.e.m.c.i.embedder.EclipseLogger - skip non existing resourceDirectory C:\Users\cedri\Desktop\LP MiAR\ProjetWeb\ProjetWeb_MRS\projetMRS\src\test\resources
2018-02-19 11:59:53,815 [Worker-27] INFO  o.e.m.c.i.embedder.EclipseLogger - Using 'UTF-8' encoding to copy filtered resources.
2018-02-19 11:59:53,815 [Worker-27] INFO  o.e.m.c.i.embedder.EclipseLogger - skip non existing resourceDirectory C:\Users\cedri\Desktop\LP MiAR\ProjetWeb\ProjetWeb_MRS\projetMRS\src\main\resources
2018-02-19 11:59:53,822 [Worker-27] INFO  o.e.m.c.i.embedder.EclipseLogger - Using 'UTF-8' encoding to copy filtered resources.
2018-02-19 11:59:53,826 [Worker-27] INFO  o.e.m.c.i.embedder.EclipseLogger - skip non existing resourceDirectory C:\Users\cedri\Desktop\LP MiAR\ProjetWeb\ProjetWeb_MRS\projetMRS\src\test\resources
2018-02-19 12:01:48,892 [Worker-27] INFO  o.e.m.c.i.embedder.EclipseLogger - Using 'UTF-8' encoding to copy filtered resources.
2018-02-19 12:01:48,892 [Worker-27] INFO  o.e.m.c.i.embedder.EclipseLogger - skip non existing resourceDirectory C:\Users\cedri\Desktop\LP MiAR\ProjetWeb\ProjetWeb_MRS\projetMRS\src\main\resources
2018-02-19 12:01:48,899 [Worker-27] INFO  o.e.m.c.i.embedder.EclipseLogger - Using 'UTF-8' encoding to copy filtered resources.
2018-02-19 12:01:48,905 [Worker-27] INFO  o.e.m.c.i.embedder.EclipseLogger - skip non existing resourceDirectory C:\Users\cedri\Desktop\LP MiAR\ProjetWeb\ProjetWeb_MRS\projetMRS\src\test\resources
2018-02-19 12:01:51,922 [Worker-31] INFO  o.e.m.c.i.embedder.EclipseLogger - Using 'UTF-8' encoding to copy filtered resources.
2018-02-19 12:01:51,922 [Worker-31] INFO  o.e.m.c.i.embedder.EclipseLogger - skip non existing resourceDirectory C:\Users\cedri\Desktop\LP MiAR\ProjetWeb\ProjetWeb_MRS\projetMRS\src\main\resources
2018-02-19 12:01:51,927 [Worker-31] INFO  o.e.m.c.i.embedder.EclipseLogger - Using 'UTF-8' encoding to copy filtered resources.
2018-02-19 12:01:51,930 [Worker-31] INFO  o.e.m.c.i.embedder.EclipseLogger - skip non existing resourceDirectory C:\Users\cedri\Desktop\LP MiAR\ProjetWeb\ProjetWeb_MRS\projetMRS\src\test\resources
2018-02-19 12:02:10,986 [Worker-28] INFO  o.e.m.c.i.embedder.EclipseLogger - Using 'UTF-8' encoding to copy filtered resources.
2018-02-19 12:02:10,986 [Worker-28] INFO  o.e.m.c.i.embedder.EclipseLogger - skip non existing resourceDirectory C:\Users\cedri\Desktop\LP MiAR\ProjetWeb\ProjetWeb_MRS\projetMRS\src\main\resources
2018-02-19 12:02:10,992 [Worker-28] INFO  o.e.m.c.i.embedder.EclipseLogger - Using 'UTF-8' encoding to copy filtered resources.
2018-02-19 12:02:10,999 [Worker-28] INFO  o.e.m.c.i.embedder.EclipseLogger - skip non existing resourceDirectory C:\Users\cedri\Desktop\LP MiAR\ProjetWeb\ProjetWeb_MRS\projetMRS\src\test\resources
2018-02-19 12:02:18,800 [Worker-30] INFO  o.e.m.c.i.embedder.EclipseLogger - Using 'UTF-8' encoding to copy filtered resources.
2018-02-19 12:02:18,801 [Worker-30] INFO  o.e.m.c.i.embedder.EclipseLogger - skip non existing resourceDirectory C:\Users\cedri\Desktop\LP MiAR\ProjetWeb\ProjetWeb_MRS\projetMRS\src\main\resources
2018-02-19 12:02:18,809 [Worker-30] INFO  o.e.m.c.i.embedder.EclipseLogger - Using 'UTF-8' encoding to copy filtered resources.
2018-02-19 12:02:18,816 [Worker-30] INFO  o.e.m.c.i.embedder.EclipseLogger - skip non existing resourceDirectory C:\Users\cedri\Desktop\LP MiAR\ProjetWeb\ProjetWeb_MRS\projetMRS\src\test\resources
2018-02-19 12:02:21,176 [Worker-24] INFO  o.e.m.c.i.embedder.EclipseLogger - Using 'UTF-8' encoding to copy filtered resources.
2018-02-19 12:02:21,176 [Worker-24] INFO  o.e.m.c.i.embedder.EclipseLogger - skip non existing resourceDirectory C:\Users\cedri\Desktop\LP MiAR\ProjetWeb\ProjetWeb_MRS\projetMRS\src\main\resources
2018-02-19 12:02:21,184 [Worker-24] INFO  o.e.m.c.i.embedder.EclipseLogger - Using 'UTF-8' encoding to copy filtered resources.
2018-02-19 12:02:21,191 [Worker-24] INFO  o.e.m.c.i.embedder.EclipseLogger - skip non existing resourceDirectory C:\Users\cedri\Desktop\LP MiAR\ProjetWeb\ProjetWeb_MRS\projetMRS\src\test\resources
2018-02-19 12:02:28,940 [Worker-31] INFO  o.e.m.c.i.embedder.EclipseLogger - Using 'UTF-8' encoding to copy filtered resources.
2018-02-19 12:02:28,941 [Worker-31] INFO  o.e.m.c.i.embedder.EclipseLogger - skip non existing resourceDirectory C:\Users\cedri\Desktop\LP MiAR\ProjetWeb\ProjetWeb_MRS\projetMRS\src\main\resources
2018-02-19 12:02:28,949 [Worker-31] INFO  o.e.m.c.i.embedder.EclipseLogger - Using 'UTF-8' encoding to copy filtered resources.
2018-02-19 12:02:28,957 [Worker-31] INFO  o.e.m.c.i.embedder.EclipseLogger - skip non existing resourceDirectory C:\Users\cedri\Desktop\LP MiAR\ProjetWeb\ProjetWeb_MRS\projetMRS\src\test\resources
2018-02-19 12:02:44,605 [Worker-31] INFO  o.e.m.c.i.embedder.EclipseLogger - Using 'UTF-8' encoding to copy filtered resources.
2018-02-19 12:02:44,605 [Worker-31] INFO  o.e.m.c.i.embedder.EclipseLogger - skip non existing resourceDirectory C:\Users\cedri\Desktop\LP MiAR\ProjetWeb\ProjetWeb_MRS\projetMRS\src\main\resources
2018-02-19 12:02:44,610 [Worker-31] INFO  o.e.m.c.i.embedder.EclipseLogger - Using 'UTF-8' encoding to copy filtered resources.
2018-02-19 12:02:44,614 [Worker-31] INFO  o.e.m.c.i.embedder.EclipseLogger - skip non existing resourceDirectory C:\Users\cedri\Desktop\LP MiAR\ProjetWeb\ProjetWeb_MRS\projetMRS\src\test\resources
2018-02-19 12:02:48,983 [Worker-30] INFO  o.e.m.c.i.embedder.EclipseLogger - Using 'UTF-8' encoding to copy filtered resources.
2018-02-19 12:02:48,984 [Worker-30] INFO  o.e.m.c.i.embedder.EclipseLogger - skip non existing resourceDirectory C:\Users\cedri\Desktop\LP MiAR\ProjetWeb\ProjetWeb_MRS\projetMRS\src\main\resources
2018-02-19 12:02:48,989 [Worker-30] INFO  o.e.m.c.i.embedder.EclipseLogger - Using 'UTF-8' encoding to copy filtered resources.
2018-02-19 12:02:48,993 [Worker-30] INFO  o.e.m.c.i.embedder.EclipseLogger - skip non existing resourceDirectory C:\Users\cedri\Desktop\LP MiAR\ProjetWeb\ProjetWeb_MRS\projetMRS\src\test\resources
2018-02-19 12:03:23,690 [Worker-26] INFO  o.e.m.c.i.embedder.EclipseLogger - Using 'UTF-8' encoding to copy filtered resources.
2018-02-19 12:03:23,691 [Worker-26] INFO  o.e.m.c.i.embedder.EclipseLogger - skip non existing resourceDirectory C:\Users\cedri\Desktop\LP MiAR\ProjetWeb\ProjetWeb_MRS\projetMRS\src\main\resources
2018-02-19 12:03:23,697 [Worker-26] INFO  o.e.m.c.i.embedder.EclipseLogger - Using 'UTF-8' encoding to copy filtered resources.
2018-02-19 12:03:23,701 [Worker-26] INFO  o.e.m.c.i.embedder.EclipseLogger - skip non existing resourceDirectory C:\Users\cedri\Desktop\LP MiAR\ProjetWeb\ProjetWeb_MRS\projetMRS\src\test\resources
2018-02-19 12:03:35,283 [Worker-24] INFO  o.e.m.c.i.embedder.EclipseLogger - Using 'UTF-8' encoding to copy filtered resources.
2018-02-19 12:03:35,283 [Worker-24] INFO  o.e.m.c.i.embedder.EclipseLogger - skip non existing resourceDirectory C:\Users\cedri\Desktop\LP MiAR\ProjetWeb\ProjetWeb_MRS\projetMRS\src\main\resources
2018-02-19 12:03:35,288 [Worker-24] INFO  o.e.m.c.i.embedder.EclipseLogger - Using 'UTF-8' encoding to copy filtered resources.
2018-02-19 12:03:35,292 [Worker-24] INFO  o.e.m.c.i.embedder.EclipseLogger - skip non existing resourceDirectory C:\Users\cedri\Desktop\LP MiAR\ProjetWeb\ProjetWeb_MRS\projetMRS\src\test\resources
2018-02-19 12:03:41,796 [Worker-31] INFO  o.e.m.c.i.embedder.EclipseLogger - Using 'UTF-8' encoding to copy filtered resources.
2018-02-19 12:03:41,797 [Worker-31] INFO  o.e.m.c.i.embedder.EclipseLogger - skip non existing resourceDirectory C:\Users\cedri\Desktop\LP MiAR\ProjetWeb\ProjetWeb_MRS\projetMRS\src\main\resources
2018-02-19 12:03:41,804 [Worker-31] INFO  o.e.m.c.i.embedder.EclipseLogger - Using 'UTF-8' encoding to copy filtered resources.
2018-02-19 12:03:41,810 [Worker-31] INFO  o.e.m.c.i.embedder.EclipseLogger - skip non existing resourceDirectory C:\Users\cedri\Desktop\LP MiAR\ProjetWeb\ProjetWeb_MRS\projetMRS\src\test\resources
2018-02-19 12:04:10,901 [Worker-24] INFO  o.e.m.c.i.embedder.EclipseLogger - Using 'UTF-8' encoding to copy filtered resources.
2018-02-19 12:04:10,901 [Worker-24] INFO  o.e.m.c.i.embedder.EclipseLogger - skip non existing resourceDirectory C:\Users\cedri\Desktop\LP MiAR\ProjetWeb\ProjetWeb_MRS\projetMRS\src\main\resources
2018-02-19 12:04:10,907 [Worker-24] INFO  o.e.m.c.i.embedder.EclipseLogger - Using 'UTF-8' encoding to copy filtered resources.
2018-02-19 12:04:10,913 [Worker-24] INFO  o.e.m.c.i.embedder.EclipseLogger - skip non existing resourceDirectory C:\Users\cedri\Desktop\LP MiAR\ProjetWeb\ProjetWeb_MRS\projetMRS\src\test\resources
2018-02-19 12:04:14,445 [Worker-31] INFO  o.e.m.c.i.embedder.EclipseLogger - Using 'UTF-8' encoding to copy filtered resources.
2018-02-19 12:04:14,445 [Worker-31] INFO  o.e.m.c.i.embedder.EclipseLogger - skip non existing resourceDirectory C:\Users\cedri\Desktop\LP MiAR\ProjetWeb\ProjetWeb_MRS\projetMRS\src\main\resources
2018-02-19 12:04:14,453 [Worker-31] INFO  o.e.m.c.i.embedder.EclipseLogger - Using 'UTF-8' encoding to copy filtered resources.
2018-02-19 12:04:14,459 [Worker-31] INFO  o.e.m.c.i.embedder.EclipseLogger - skip non existing resourceDirectory C:\Users\cedri\Desktop\LP MiAR\ProjetWeb\ProjetWeb_MRS\projetMRS\src\test\resources
2018-02-19 12:04:38,433 [Worker-30] INFO  o.e.m.i.launch.MavenLaunchDelegate - C:\Users\cedri\Desktop\LP MiAR\ProjetWeb\ProjetWeb_MRS\projetMRS
2018-02-19 12:04:38,433 [Worker-30] INFO  o.e.m.i.launch.MavenLaunchDelegate -  mvn -B clean install
2018-02-19 12:06:34,236 [Worker-29] INFO  o.e.m.c.i.embedder.EclipseLogger - Using 'UTF-8' encoding to copy filtered resources.
2018-02-19 12:06:34,240 [Worker-29] INFO  o.e.m.c.i.embedder.EclipseLogger - skip non existing resourceDirectory C:\Users\cedri\Desktop\LP MiAR\ProjetWeb\ProjetWeb_MRS\projetMRS\src\main\resources
2018-02-19 12:06:34,246 [Worker-29] INFO  o.e.m.c.i.embedder.EclipseLogger - Using 'UTF-8' encoding to copy filtered resources.
2018-02-19 12:06:34,246 [Worker-29] INFO  o.e.m.c.i.embedder.EclipseLogger - skip non existing resourceDirectory C:\Users\cedri\Desktop\LP MiAR\ProjetWeb\ProjetWeb_MRS\projetMRS\src\test\resources
2018-02-19 12:06:36,312 [Worker-24] INFO  o.e.m.c.i.embedder.EclipseLogger - Using 'UTF-8' encoding to copy filtered resources.
2018-02-19 12:06:36,312 [Worker-24] INFO  o.e.m.c.i.embedder.EclipseLogger - skip non existing resourceDirectory C:\Users\cedri\Desktop\LP MiAR\ProjetWeb\ProjetWeb_MRS\projetMRS\src\main\resources
2018-02-19 12:06:36,313 [Worker-24] INFO  o.e.m.c.i.embedder.EclipseLogger - Using 'UTF-8' encoding to copy filtered resources.
2018-02-19 12:06:36,313 [Worker-24] INFO  o.e.m.c.i.embedder.EclipseLogger - skip non existing resourceDirectory C:\Users\cedri\Desktop\LP MiAR\ProjetWeb\ProjetWeb_MRS\projetMRS\src\test\resources
2018-02-19 12:07:01,830 [Worker-30] INFO  o.e.m.c.i.embedder.EclipseLogger - Using 'UTF-8' encoding to copy filtered resources.
2018-02-19 12:07:01,835 [Worker-30] INFO  o.e.m.c.i.embedder.EclipseLogger - skip non existing resourceDirectory C:\Users\cedri\Desktop\LP MiAR\ProjetWeb\ProjetWeb_MRS\projetMRS\src\main\resources
2018-02-19 12:07:01,841 [Worker-30] INFO  o.e.m.c.i.embedder.EclipseLogger - Using 'UTF-8' encoding to copy filtered resources.
2018-02-19 12:07:01,841 [Worker-30] INFO  o.e.m.c.i.embedder.EclipseLogger - skip non existing resourceDirectory C:\Users\cedri\Desktop\LP MiAR\ProjetWeb\ProjetWeb_MRS\projetMRS\src\test\resources
2018-02-19 12:07:05,720 [Worker-26] INFO  o.e.m.i.launch.MavenLaunchDelegate - C:\Users\cedri\Desktop\LP MiAR\ProjetWeb\ProjetWeb_MRS\projetMRS
2018-02-19 12:07:05,720 [Worker-26] INFO  o.e.m.i.launch.MavenLaunchDelegate -  mvn -B clean install
2018-02-19 12:07:19,118 [Worker-34] INFO  o.e.m.c.i.embedder.EclipseLogger - Using 'UTF-8' encoding to copy filtered resources.
2018-02-19 12:07:19,118 [Worker-34] INFO  o.e.m.c.i.embedder.EclipseLogger - skip non existing resourceDirectory C:\Users\cedri\Desktop\LP MiAR\ProjetWeb\ProjetWeb_MRS\projetMRS\src\main\resources
2018-02-19 12:07:19,124 [Worker-34] INFO  o.e.m.c.i.embedder.EclipseLogger - Using 'UTF-8' encoding to copy filtered resources.
2018-02-19 12:07:19,128 [Worker-34] INFO  o.e.m.c.i.embedder.EclipseLogger - skip non existing resourceDirectory C:\Users\cedri\Desktop\LP MiAR\ProjetWeb\ProjetWeb_MRS\projetMRS\src\test\resources
2018-02-19 12:07:22,587 [Worker-34] INFO  o.e.m.i.launch.MavenLaunchDelegate - C:\Users\cedri\Desktop\LP MiAR\ProjetWeb\ProjetWeb_MRS\projetMRS
2018-02-19 12:07:22,587 [Worker-34] INFO  o.e.m.i.launch.MavenLaunchDelegate -  mvn -B clean install
2018-02-19 12:10:40,414 [Worker-33] INFO  o.e.m.c.i.embedder.EclipseLogger - Using 'UTF-8' encoding to copy filtered resources.
2018-02-19 12:10:40,420 [Worker-33] INFO  o.e.m.c.i.embedder.EclipseLogger - skip non existing resourceDirectory C:\Users\cedri\Desktop\LP MiAR\ProjetWeb\ProjetWeb_MRS\projetMRS\src\main\resources
2018-02-19 12:10:40,424 [Worker-33] INFO  o.e.m.c.i.embedder.EclipseLogger - Using 'UTF-8' encoding to copy filtered resources.
2018-02-19 12:10:40,425 [Worker-33] INFO  o.e.m.c.i.embedder.EclipseLogger - skip non existing resourceDirectory C:\Users\cedri\Desktop\LP MiAR\ProjetWeb\ProjetWeb_MRS\projetMRS\src\test\resources
2018-02-19 12:11:33,456 [Worker-34] INFO  o.e.m.c.i.embedder.EclipseLogger - Using 'UTF-8' encoding to copy filtered resources.
2018-02-19 12:11:33,456 [Worker-34] INFO  o.e.m.c.i.embedder.EclipseLogger - skip non existing resourceDirectory C:\Users\cedri\Desktop\LP MiAR\ProjetWeb\ProjetWeb_MRS\projetMRS\src\main\resources
2018-02-19 12:11:33,457 [Worker-34] INFO  o.e.m.c.i.embedder.EclipseLogger - Using 'UTF-8' encoding to copy filtered resources.
2018-02-19 12:11:33,457 [Worker-34] INFO  o.e.m.c.i.embedder.EclipseLogger - skip non existing resourceDirectory C:\Users\cedri\Desktop\LP MiAR\ProjetWeb\ProjetWeb_MRS\projetMRS\src\test\resources
2018-02-19 12:11:37,386 [Worker-33] INFO  o.e.m.i.launch.MavenLaunchDelegate - C:\Users\cedri\Desktop\LP MiAR\ProjetWeb\ProjetWeb_MRS\projetMRS
2018-02-19 12:11:37,391 [Worker-33] INFO  o.e.m.i.launch.MavenLaunchDelegate -  mvn -B clean install
2018-02-19 12:13:09,226 [Worker-30] INFO  o.e.m.c.i.embedder.EclipseLogger - Using 'UTF-8' encoding to copy filtered resources.
2018-02-19 12:13:09,226 [Worker-30] INFO  o.e.m.c.i.embedder.EclipseLogger - skip non existing resourceDirectory C:\Users\cedri\Desktop\LP MiAR\ProjetWeb\ProjetWeb_MRS\projetMRS\src\main\resources
2018-02-19 12:13:09,234 [Worker-30] INFO  o.e.m.c.i.embedder.EclipseLogger - Using 'UTF-8' encoding to copy filtered resources.
2018-02-19 12:13:09,239 [Worker-30] INFO  o.e.m.c.i.embedder.EclipseLogger - skip non existing resourceDirectory C:\Users\cedri\Desktop\LP MiAR\ProjetWeb\ProjetWeb_MRS\projetMRS\src\test\resources
2018-02-19 12:13:10,261 [Worker-24] INFO  o.e.m.c.i.embedder.EclipseLogger - Using 'UTF-8' encoding to copy filtered resources.
2018-02-19 12:13:10,261 [Worker-24] INFO  o.e.m.c.i.embedder.EclipseLogger - skip non existing resourceDirectory C:\Users\cedri\Desktop\LP MiAR\ProjetWeb\ProjetWeb_MRS\projetMRS\src\main\resources
2018-02-19 12:13:10,275 [Worker-24] INFO  o.e.m.c.i.embedder.EclipseLogger - Using 'UTF-8' encoding to copy filtered resources.
2018-02-19 12:13:10,283 [Worker-24] INFO  o.e.m.c.i.embedder.EclipseLogger - skip non existing resourceDirectory C:\Users\cedri\Desktop\LP MiAR\ProjetWeb\ProjetWeb_MRS\projetMRS\src\test\resources
2018-02-19 12:13:11,362 [Worker-30] INFO  o.e.m.c.i.embedder.EclipseLogger - Using 'UTF-8' encoding to copy filtered resources.
2018-02-19 12:13:11,362 [Worker-30] INFO  o.e.m.c.i.embedder.EclipseLogger - skip non existing resourceDirectory C:\Users\cedri\Desktop\LP MiAR\ProjetWeb\ProjetWeb_MRS\projetMRS\src\main\resources
2018-02-19 12:13:11,368 [Worker-30] INFO  o.e.m.c.i.embedder.EclipseLogger - Using 'UTF-8' encoding to copy filtered resources.
2018-02-19 12:13:11,374 [Worker-30] INFO  o.e.m.c.i.embedder.EclipseLogger - skip non existing resourceDirectory C:\Users\cedri\Desktop\LP MiAR\ProjetWeb\ProjetWeb_MRS\projetMRS\src\test\resources
2018-02-19 12:13:44,548 [Worker-33] INFO  o.e.m.c.i.embedder.EclipseLogger - Using 'UTF-8' encoding to copy filtered resources.
2018-02-19 12:13:44,549 [Worker-33] INFO  o.e.m.c.i.embedder.EclipseLogger - skip non existing resourceDirectory C:\Users\cedri\Desktop\LP MiAR\ProjetWeb\ProjetWeb_MRS\projetMRS\src\main\resources
2018-02-19 12:13:44,555 [Worker-33] INFO  o.e.m.c.i.embedder.EclipseLogger - Using 'UTF-8' encoding to copy filtered resources.
2018-02-19 12:13:44,561 [Worker-33] INFO  o.e.m.c.i.embedder.EclipseLogger - skip non existing resourceDirectory C:\Users\cedri\Desktop\LP MiAR\ProjetWeb\ProjetWeb_MRS\projetMRS\src\test\resources
2018-02-19 12:14:38,472 [Worker-28] INFO  o.e.m.c.i.embedder.EclipseLogger - Using 'UTF-8' encoding to copy filtered resources.
2018-02-19 12:14:38,472 [Worker-28] INFO  o.e.m.c.i.embedder.EclipseLogger - skip non existing resourceDirectory C:\Users\cedri\Desktop\LP MiAR\ProjetWeb\ProjetWeb_MRS\projetMRS\src\main\resources
2018-02-19 12:14:38,478 [Worker-28] INFO  o.e.m.c.i.embedder.EclipseLogger - Using 'UTF-8' encoding to copy filtered resources.
2018-02-19 12:14:38,483 [Worker-28] INFO  o.e.m.c.i.embedder.EclipseLogger - skip non existing resourceDirectory C:\Users\cedri\Desktop\LP MiAR\ProjetWeb\ProjetWeb_MRS\projetMRS\src\test\resources
2018-02-19 12:14:50,868 [Worker-31] INFO  o.e.m.c.i.embedder.EclipseLogger - Using 'UTF-8' encoding to copy filtered resources.
2018-02-19 12:14:50,868 [Worker-31] INFO  o.e.m.c.i.embedder.EclipseLogger - skip non existing resourceDirectory C:\Users\cedri\Desktop\LP MiAR\ProjetWeb\ProjetWeb_MRS\projetMRS\src\main\resources
2018-02-19 12:14:50,874 [Worker-31] INFO  o.e.m.c.i.embedder.EclipseLogger - Using 'UTF-8' encoding to copy filtered resources.
2018-02-19 12:14:50,879 [Worker-31] INFO  o.e.m.c.i.embedder.EclipseLogger - skip non existing resourceDirectory C:\Users\cedri\Desktop\LP MiAR\ProjetWeb\ProjetWeb_MRS\projetMRS\src\test\resources
2018-02-19 13:29:56,197 [Worker-38] INFO  o.e.m.c.i.embedder.EclipseLogger - Using 'UTF-8' encoding to copy filtered resources.
2018-02-19 13:29:56,198 [Worker-38] INFO  o.e.m.c.i.embedder.EclipseLogger - skip non existing resourceDirectory C:\Users\cedri\Desktop\LP MiAR\ProjetWeb\ProjetWeb_MRS\projetMRS\src\main\resources
2018-02-19 13:29:56,204 [Worker-38] INFO  o.e.m.c.i.embedder.EclipseLogger - Using 'UTF-8' encoding to copy filtered resources.
2018-02-19 13:29:56,208 [Worker-38] INFO  o.e.m.c.i.embedder.EclipseLogger - skip non existing resourceDirectory C:\Users\cedri\Desktop\LP MiAR\ProjetWeb\ProjetWeb_MRS\projetMRS\src\test\resources
2018-02-19 13:30:29,770 [Worker-38] INFO  o.e.m.c.i.embedder.EclipseLogger - Using 'UTF-8' encoding to copy filtered resources.
2018-02-19 13:30:29,771 [Worker-38] INFO  o.e.m.c.i.embedder.EclipseLogger - skip non existing resourceDirectory C:\Users\cedri\Desktop\LP MiAR\ProjetWeb\ProjetWeb_MRS\projetMRS\src\main\resources
2018-02-19 13:30:29,776 [Worker-38] INFO  o.e.m.c.i.embedder.EclipseLogger - Using 'UTF-8' encoding to copy filtered resources.
2018-02-19 13:30:29,780 [Worker-38] INFO  o.e.m.c.i.embedder.EclipseLogger - skip non existing resourceDirectory C:\Users\cedri\Desktop\LP MiAR\ProjetWeb\ProjetWeb_MRS\projetMRS\src\test\resources
2018-02-19 13:32:19,488 [Worker-45] INFO  o.e.m.c.i.embedder.EclipseLogger - Using 'UTF-8' encoding to copy filtered resources.
2018-02-19 13:32:19,488 [Worker-45] INFO  o.e.m.c.i.embedder.EclipseLogger - skip non existing resourceDirectory C:\Users\cedri\Desktop\LP MiAR\ProjetWeb\ProjetWeb_MRS\projetMRS\src\main\resources
2018-02-19 13:32:19,493 [Worker-45] INFO  o.e.m.c.i.embedder.EclipseLogger - Using 'UTF-8' encoding to copy filtered resources.
2018-02-19 13:32:19,497 [Worker-45] INFO  o.e.m.c.i.embedder.EclipseLogger - skip non existing resourceDirectory C:\Users\cedri\Desktop\LP MiAR\ProjetWeb\ProjetWeb_MRS\projetMRS\src\test\resources
2018-02-19 13:32:25,007 [Worker-47] INFO  o.e.m.c.i.embedder.EclipseLogger - Using 'UTF-8' encoding to copy filtered resources.
2018-02-19 13:32:25,008 [Worker-47] INFO  o.e.m.c.i.embedder.EclipseLogger - skip non existing resourceDirectory C:\Users\cedri\Desktop\LP MiAR\ProjetWeb\ProjetWeb_MRS\projetMRS\src\main\resources
2018-02-19 13:32:25,037 [Worker-47] INFO  o.e.m.c.i.embedder.EclipseLogger - Using 'UTF-8' encoding to copy filtered resources.
2018-02-19 13:32:25,041 [Worker-47] INFO  o.e.m.c.i.embedder.EclipseLogger - skip non existing resourceDirectory C:\Users\cedri\Desktop\LP MiAR\ProjetWeb\ProjetWeb_MRS\projetMRS\src\test\resources
2018-02-19 13:32:31,159 [Worker-38] INFO  o.e.m.c.i.embedder.EclipseLogger - Using 'UTF-8' encoding to copy filtered resources.
2018-02-19 13:32:31,159 [Worker-38] INFO  o.e.m.c.i.embedder.EclipseLogger - skip non existing resourceDirectory C:\Users\cedri\Desktop\LP MiAR\ProjetWeb\ProjetWeb_MRS\projetMRS\src\main\resources
2018-02-19 13:32:31,163 [Worker-38] INFO  o.e.m.c.i.embedder.EclipseLogger - Using 'UTF-8' encoding to copy filtered resources.
2018-02-19 13:32:31,167 [Worker-38] INFO  o.e.m.c.i.embedder.EclipseLogger - skip non existing resourceDirectory C:\Users\cedri\Desktop\LP MiAR\ProjetWeb\ProjetWeb_MRS\projetMRS\src\test\resources
2018-02-19 13:32:43,799 [Worker-45] INFO  o.e.m.c.i.embedder.EclipseLogger - Using 'UTF-8' encoding to copy filtered resources.
2018-02-19 13:32:43,799 [Worker-45] INFO  o.e.m.c.i.embedder.EclipseLogger - skip non existing resourceDirectory C:\Users\cedri\Desktop\LP MiAR\ProjetWeb\ProjetWeb_MRS\projetMRS\src\main\resources
2018-02-19 13:32:43,804 [Worker-45] INFO  o.e.m.c.i.embedder.EclipseLogger - Using 'UTF-8' encoding to copy filtered resources.
2018-02-19 13:32:43,808 [Worker-45] INFO  o.e.m.c.i.embedder.EclipseLogger - skip non existing resourceDirectory C:\Users\cedri\Desktop\LP MiAR\ProjetWeb\ProjetWeb_MRS\projetMRS\src\test\resources
2018-02-19 13:36:10,447 [Worker-46] INFO  o.e.m.c.i.embedder.EclipseLogger - Using 'UTF-8' encoding to copy filtered resources.
2018-02-19 13:36:10,447 [Worker-46] INFO  o.e.m.c.i.embedder.EclipseLogger - skip non existing resourceDirectory C:\Users\cedri\Desktop\LP MiAR\ProjetWeb\ProjetWeb_MRS\projetMRS\src\main\resources
2018-02-19 13:36:10,452 [Worker-46] INFO  o.e.m.c.i.embedder.EclipseLogger - Using 'UTF-8' encoding to copy filtered resources.
2018-02-19 13:36:10,455 [Worker-46] INFO  o.e.m.c.i.embedder.EclipseLogger - skip non existing resourceDirectory C:\Users\cedri\Desktop\LP MiAR\ProjetWeb\ProjetWeb_MRS\projetMRS\src\test\resources
2018-02-19 13:36:18,121 [Worker-50] INFO  o.e.m.c.i.embedder.EclipseLogger - Using 'UTF-8' encoding to copy filtered resources.
2018-02-19 13:36:18,121 [Worker-50] INFO  o.e.m.c.i.embedder.EclipseLogger - skip non existing resourceDirectory C:\Users\cedri\Desktop\LP MiAR\ProjetWeb\ProjetWeb_MRS\projetMRS\src\main\resources
2018-02-19 13:36:18,125 [Worker-50] INFO  o.e.m.c.i.embedder.EclipseLogger - Using 'UTF-8' encoding to copy filtered resources.
2018-02-19 13:36:18,129 [Worker-50] INFO  o.e.m.c.i.embedder.EclipseLogger - skip non existing resourceDirectory C:\Users\cedri\Desktop\LP MiAR\ProjetWeb\ProjetWeb_MRS\projetMRS\src\test\resources
2018-02-19 13:36:25,550 [Worker-50] INFO  o.e.m.c.i.embedder.EclipseLogger - Using 'UTF-8' encoding to copy filtered resources.
2018-02-19 13:36:25,550 [Worker-50] INFO  o.e.m.c.i.embedder.EclipseLogger - skip non existing resourceDirectory C:\Users\cedri\Desktop\LP MiAR\ProjetWeb\ProjetWeb_MRS\projetMRS\src\main\resources
2018-02-19 13:36:25,557 [Worker-50] INFO  o.e.m.c.i.embedder.EclipseLogger - Using 'UTF-8' encoding to copy filtered resources.
2018-02-19 13:36:25,563 [Worker-50] INFO  o.e.m.c.i.embedder.EclipseLogger - skip non existing resourceDirectory C:\Users\cedri\Desktop\LP MiAR\ProjetWeb\ProjetWeb_MRS\projetMRS\src\test\resources
2018-02-19 13:36:29,610 [Worker-52] INFO  o.e.m.c.i.embedder.EclipseLogger - Using 'UTF-8' encoding to copy filtered resources.
2018-02-19 13:36:29,610 [Worker-52] INFO  o.e.m.c.i.embedder.EclipseLogger - skip non existing resourceDirectory C:\Users\cedri\Desktop\LP MiAR\ProjetWeb\ProjetWeb_MRS\projetMRS\src\main\resources
2018-02-19 13:36:29,617 [Worker-52] INFO  o.e.m.c.i.embedder.EclipseLogger - Using 'UTF-8' encoding to copy filtered resources.
2018-02-19 13:36:29,623 [Worker-52] INFO  o.e.m.c.i.embedder.EclipseLogger - skip non existing resourceDirectory C:\Users\cedri\Desktop\LP MiAR\ProjetWeb\ProjetWeb_MRS\projetMRS\src\test\resources
2018-02-19 13:36:34,263 [Worker-45] INFO  o.e.m.c.i.embedder.EclipseLogger - Using 'UTF-8' encoding to copy filtered resources.
2018-02-19 13:36:34,263 [Worker-45] INFO  o.e.m.c.i.embedder.EclipseLogger - skip non existing resourceDirectory C:\Users\cedri\Desktop\LP MiAR\ProjetWeb\ProjetWeb_MRS\projetMRS\src\main\resources
2018-02-19 13:36:34,267 [Worker-45] INFO  o.e.m.c.i.embedder.EclipseLogger - Using 'UTF-8' encoding to copy filtered resources.
2018-02-19 13:36:34,271 [Worker-45] INFO  o.e.m.c.i.embedder.EclipseLogger - skip non existing resourceDirectory C:\Users\cedri\Desktop\LP MiAR\ProjetWeb\ProjetWeb_MRS\projetMRS\src\test\resources
2018-02-19 13:36:37,655 [Worker-50] INFO  o.e.m.c.i.embedder.EclipseLogger - Using 'UTF-8' encoding to copy filtered resources.
2018-02-19 13:36:37,656 [Worker-50] INFO  o.e.m.c.i.embedder.EclipseLogger - skip non existing resourceDirectory C:\Users\cedri\Desktop\LP MiAR\ProjetWeb\ProjetWeb_MRS\projetMRS\src\main\resources
2018-02-19 13:36:37,661 [Worker-50] INFO  o.e.m.c.i.embedder.EclipseLogger - Using 'UTF-8' encoding to copy filtered resources.
2018-02-19 13:36:37,665 [Worker-50] INFO  o.e.m.c.i.embedder.EclipseLogger - skip non existing resourceDirectory C:\Users\cedri\Desktop\LP MiAR\ProjetWeb\ProjetWeb_MRS\projetMRS\src\test\resources
2018-02-19 13:36:41,838 [Worker-52] INFO  o.e.m.c.i.embedder.EclipseLogger - Using 'UTF-8' encoding to copy filtered resources.
2018-02-19 13:36:41,838 [Worker-52] INFO  o.e.m.c.i.embedder.EclipseLogger - skip non existing resourceDirectory C:\Users\cedri\Desktop\LP MiAR\ProjetWeb\ProjetWeb_MRS\projetMRS\src\main\resources
2018-02-19 13:36:41,843 [Worker-52] INFO  o.e.m.c.i.embedder.EclipseLogger - Using 'UTF-8' encoding to copy filtered resources.
2018-02-19 13:36:41,847 [Worker-52] INFO  o.e.m.c.i.embedder.EclipseLogger - skip non existing resourceDirectory C:\Users\cedri\Desktop\LP MiAR\ProjetWeb\ProjetWeb_MRS\projetMRS\src\test\resources
2018-02-19 13:42:31,665 [Worker-45] INFO  o.e.m.c.i.embedder.EclipseLogger - Using 'UTF-8' encoding to copy filtered resources.
2018-02-19 13:42:31,665 [Worker-45] INFO  o.e.m.c.i.embedder.EclipseLogger - skip non existing resourceDirectory C:\Users\cedri\Desktop\LP MiAR\ProjetWeb\ProjetWeb_MRS\projetMRS\src\main\resources
2018-02-19 13:42:31,670 [Worker-45] INFO  o.e.m.c.i.embedder.EclipseLogger - Using 'UTF-8' encoding to copy filtered resources.
2018-02-19 13:42:31,673 [Worker-45] INFO  o.e.m.c.i.embedder.EclipseLogger - skip non existing resourceDirectory C:\Users\cedri\Desktop\LP MiAR\ProjetWeb\ProjetWeb_MRS\projetMRS\src\test\resources
2018-02-19 13:43:12,743 [Worker-56] INFO  o.e.m.c.i.embedder.EclipseLogger - Using 'UTF-8' encoding to copy filtered resources.
2018-02-19 13:43:12,743 [Worker-56] INFO  o.e.m.c.i.embedder.EclipseLogger - skip non existing resourceDirectory C:\Users\cedri\Desktop\LP MiAR\ProjetWeb\ProjetWeb_MRS\projetMRS\src\main\resources
2018-02-19 13:43:12,747 [Worker-56] INFO  o.e.m.c.i.embedder.EclipseLogger - Using 'UTF-8' encoding to copy filtered resources.
2018-02-19 13:43:12,751 [Worker-56] INFO  o.e.m.c.i.embedder.EclipseLogger - skip non existing resourceDirectory C:\Users\cedri\Desktop\LP MiAR\ProjetWeb\ProjetWeb_MRS\projetMRS\src\test\resources
2018-02-19 13:43:16,984 [Worker-53] INFO  o.e.m.c.i.embedder.EclipseLogger - Using 'UTF-8' encoding to copy filtered resources.
2018-02-19 13:43:16,985 [Worker-53] INFO  o.e.m.c.i.embedder.EclipseLogger - skip non existing resourceDirectory C:\Users\cedri\Desktop\LP MiAR\ProjetWeb\ProjetWeb_MRS\projetMRS\src\main\resources
2018-02-19 13:43:16,989 [Worker-53] INFO  o.e.m.c.i.embedder.EclipseLogger - Using 'UTF-8' encoding to copy filtered resources.
2018-02-19 13:43:16,994 [Worker-53] INFO  o.e.m.c.i.embedder.EclipseLogger - skip non existing resourceDirectory C:\Users\cedri\Desktop\LP MiAR\ProjetWeb\ProjetWeb_MRS\projetMRS\src\test\resources
2018-02-19 13:43:28,180 [Worker-57] INFO  o.e.m.c.i.embedder.EclipseLogger - Using 'UTF-8' encoding to copy filtered resources.
2018-02-19 13:43:28,181 [Worker-57] INFO  o.e.m.c.i.embedder.EclipseLogger - skip non existing resourceDirectory C:\Users\cedri\Desktop\LP MiAR\ProjetWeb\ProjetWeb_MRS\projetMRS\src\main\resources
2018-02-19 13:43:28,187 [Worker-57] INFO  o.e.m.c.i.embedder.EclipseLogger - Using 'UTF-8' encoding to copy filtered resources.
2018-02-19 13:43:28,191 [Worker-57] INFO  o.e.m.c.i.embedder.EclipseLogger - skip non existing resourceDirectory C:\Users\cedri\Desktop\LP MiAR\ProjetWeb\ProjetWeb_MRS\projetMRS\src\test\resources
2018-02-19 13:43:33,424 [Worker-53] INFO  o.e.m.c.i.embedder.EclipseLogger - Using 'UTF-8' encoding to copy filtered resources.
2018-02-19 13:43:33,424 [Worker-53] INFO  o.e.m.c.i.embedder.EclipseLogger - skip non existing resourceDirectory C:\Users\cedri\Desktop\LP MiAR\ProjetWeb\ProjetWeb_MRS\projetMRS\src\main\resources
2018-02-19 13:43:33,430 [Worker-53] INFO  o.e.m.c.i.embedder.EclipseLogger - Using 'UTF-8' encoding to copy filtered resources.
2018-02-19 13:43:33,437 [Worker-53] INFO  o.e.m.c.i.embedder.EclipseLogger - skip non existing resourceDirectory C:\Users\cedri\Desktop\LP MiAR\ProjetWeb\ProjetWeb_MRS\projetMRS\src\test\resources
2018-02-19 13:43:40,468 [Worker-51] INFO  o.e.m.c.i.embedder.EclipseLogger - Using 'UTF-8' encoding to copy filtered resources.
2018-02-19 13:43:40,468 [Worker-51] INFO  o.e.m.c.i.embedder.EclipseLogger - skip non existing resourceDirectory C:\Users\cedri\Desktop\LP MiAR\ProjetWeb\ProjetWeb_MRS\projetMRS\src\main\resources
2018-02-19 13:43:40,472 [Worker-51] INFO  o.e.m.c.i.embedder.EclipseLogger - Using 'UTF-8' encoding to copy filtered resources.
2018-02-19 13:43:40,478 [Worker-51] INFO  o.e.m.c.i.embedder.EclipseLogger - skip non existing resourceDirectory C:\Users\cedri\Desktop\LP MiAR\ProjetWeb\ProjetWeb_MRS\projetMRS\src\test\resources
2018-02-19 13:43:49,104 [Worker-57] INFO  o.e.m.c.i.embedder.EclipseLogger - Using 'UTF-8' encoding to copy filtered resources.
2018-02-19 13:43:49,104 [Worker-57] INFO  o.e.m.c.i.embedder.EclipseLogger - skip non existing resourceDirectory C:\Users\cedri\Desktop\LP MiAR\ProjetWeb\ProjetWeb_MRS\projetMRS\src\main\resources
2018-02-19 13:43:49,110 [Worker-57] INFO  o.e.m.c.i.embedder.EclipseLogger - Using 'UTF-8' encoding to copy filtered resources.
2018-02-19 13:43:49,113 [Worker-57] INFO  o.e.m.c.i.embedder.EclipseLogger - skip non existing resourceDirectory C:\Users\cedri\Desktop\LP MiAR\ProjetWeb\ProjetWeb_MRS\projetMRS\src\test\resources
2018-02-19 13:43:55,130 [Worker-53] INFO  o.e.m.c.i.embedder.EclipseLogger - Using 'UTF-8' encoding to copy filtered resources.
2018-02-19 13:43:55,131 [Worker-53] INFO  o.e.m.c.i.embedder.EclipseLogger - skip non existing resourceDirectory C:\Users\cedri\Desktop\LP MiAR\ProjetWeb\ProjetWeb_MRS\projetMRS\src\main\resources
2018-02-19 13:43:55,136 [Worker-53] INFO  o.e.m.c.i.embedder.EclipseLogger - Using 'UTF-8' encoding to copy filtered resources.
2018-02-19 13:43:55,141 [Worker-53] INFO  o.e.m.c.i.embedder.EclipseLogger - skip non existing resourceDirectory C:\Users\cedri\Desktop\LP MiAR\ProjetWeb\ProjetWeb_MRS\projetMRS\src\test\resources
2018-02-19 13:45:09,572 [Worker-50] INFO  o.e.m.c.i.embedder.EclipseLogger - Using 'UTF-8' encoding to copy filtered resources.
2018-02-19 13:45:09,572 [Worker-50] INFO  o.e.m.c.i.embedder.EclipseLogger - skip non existing resourceDirectory C:\Users\cedri\Desktop\LP MiAR\ProjetWeb\ProjetWeb_MRS\projetMRS\src\main\resources
2018-02-19 13:45:09,576 [Worker-50] INFO  o.e.m.c.i.embedder.EclipseLogger - Using 'UTF-8' encoding to copy filtered resources.
2018-02-19 13:45:09,580 [Worker-50] INFO  o.e.m.c.i.embedder.EclipseLogger - skip non existing resourceDirectory C:\Users\cedri\Desktop\LP MiAR\ProjetWeb\ProjetWeb_MRS\projetMRS\src\test\resources
2018-02-19 13:45:12,169 [Worker-58] INFO  o.e.m.c.i.embedder.EclipseLogger - Using 'UTF-8' encoding to copy filtered resources.
2018-02-19 13:45:12,169 [Worker-58] INFO  o.e.m.c.i.embedder.EclipseLogger - skip non existing resourceDirectory C:\Users\cedri\Desktop\LP MiAR\ProjetWeb\ProjetWeb_MRS\projetMRS\src\main\resources
2018-02-19 13:45:12,175 [Worker-58] INFO  o.e.m.c.i.embedder.EclipseLogger - Using 'UTF-8' encoding to copy filtered resources.
2018-02-19 13:45:12,181 [Worker-58] INFO  o.e.m.c.i.embedder.EclipseLogger - skip non existing resourceDirectory C:\Users\cedri\Desktop\LP MiAR\ProjetWeb\ProjetWeb_MRS\projetMRS\src\test\resources
2018-02-19 13:45:20,298 [Worker-54] INFO  o.e.m.c.i.embedder.EclipseLogger - Using 'UTF-8' encoding to copy filtered resources.
2018-02-19 13:45:20,298 [Worker-54] INFO  o.e.m.c.i.embedder.EclipseLogger - skip non existing resourceDirectory C:\Users\cedri\Desktop\LP MiAR\ProjetWeb\ProjetWeb_MRS\projetMRS\src\main\resources
2018-02-19 13:45:20,303 [Worker-54] INFO  o.e.m.c.i.embedder.EclipseLogger - Using 'UTF-8' encoding to copy filtered resources.
2018-02-19 13:45:20,306 [Worker-54] INFO  o.e.m.c.i.embedder.EclipseLogger - skip non existing resourceDirectory C:\Users\cedri\Desktop\LP MiAR\ProjetWeb\ProjetWeb_MRS\projetMRS\src\test\resources
2018-02-19 13:46:20,357 [Worker-55] INFO  o.e.m.c.i.embedder.EclipseLogger - Using 'UTF-8' encoding to copy filtered resources.
2018-02-19 13:46:20,358 [Worker-55] INFO  o.e.m.c.i.embedder.EclipseLogger - skip non existing resourceDirectory C:\Users\cedri\Desktop\LP MiAR\ProjetWeb\ProjetWeb_MRS\projetMRS\src\main\resources
2018-02-19 13:46:20,362 [Worker-55] INFO  o.e.m.c.i.embedder.EclipseLogger - Using 'UTF-8' encoding to copy filtered resources.
2018-02-19 13:46:20,365 [Worker-55] INFO  o.e.m.c.i.embedder.EclipseLogger - skip non existing resourceDirectory C:\Users\cedri\Desktop\LP MiAR\ProjetWeb\ProjetWeb_MRS\projetMRS\src\test\resources
2018-02-19 13:46:34,091 [Worker-54] INFO  o.e.m.c.i.embedder.EclipseLogger - Using 'UTF-8' encoding to copy filtered resources.
2018-02-19 13:46:34,091 [Worker-54] INFO  o.e.m.c.i.embedder.EclipseLogger - skip non existing resourceDirectory C:\Users\cedri\Desktop\LP MiAR\ProjetWeb\ProjetWeb_MRS\projetMRS\src\main\resources
2018-02-19 13:46:34,096 [Worker-54] INFO  o.e.m.c.i.embedder.EclipseLogger - Using 'UTF-8' encoding to copy filtered resources.
2018-02-19 13:46:34,102 [Worker-54] INFO  o.e.m.c.i.embedder.EclipseLogger - skip non existing resourceDirectory C:\Users\cedri\Desktop\LP MiAR\ProjetWeb\ProjetWeb_MRS\projetMRS\src\test\resources
2018-02-19 13:46:40,208 [Worker-55] INFO  o.e.m.c.i.embedder.EclipseLogger - Using 'UTF-8' encoding to copy filtered resources.
2018-02-19 13:46:40,209 [Worker-55] INFO  o.e.m.c.i.embedder.EclipseLogger - skip non existing resourceDirectory C:\Users\cedri\Desktop\LP MiAR\ProjetWeb\ProjetWeb_MRS\projetMRS\src\main\resources
2018-02-19 13:46:40,213 [Worker-55] INFO  o.e.m.c.i.embedder.EclipseLogger - Using 'UTF-8' encoding to copy filtered resources.
2018-02-19 13:46:40,216 [Worker-55] INFO  o.e.m.c.i.embedder.EclipseLogger - skip non existing resourceDirectory C:\Users\cedri\Desktop\LP MiAR\ProjetWeb\ProjetWeb_MRS\projetMRS\src\test\resources
2018-02-19 13:47:00,076 [Worker-57] INFO  o.e.m.c.i.embedder.EclipseLogger - Using 'UTF-8' encoding to copy filtered resources.
2018-02-19 13:47:00,076 [Worker-57] INFO  o.e.m.c.i.embedder.EclipseLogger - skip non existing resourceDirectory C:\Users\cedri\Desktop\LP MiAR\ProjetWeb\ProjetWeb_MRS\projetMRS\src\main\resources
2018-02-19 13:47:00,081 [Worker-57] INFO  o.e.m.c.i.embedder.EclipseLogger - Using 'UTF-8' encoding to copy filtered resources.
2018-02-19 13:47:00,085 [Worker-57] INFO  o.e.m.c.i.embedder.EclipseLogger - skip non existing resourceDirectory C:\Users\cedri\Desktop\LP MiAR\ProjetWeb\ProjetWeb_MRS\projetMRS\src\test\resources
2018-02-19 13:48:01,904 [Worker-54] INFO  o.e.m.c.i.embedder.EclipseLogger - Using 'UTF-8' encoding to copy filtered resources.
2018-02-19 13:48:01,904 [Worker-54] INFO  o.e.m.c.i.embedder.EclipseLogger - skip non existing resourceDirectory C:\Users\cedri\Desktop\LP MiAR\ProjetWeb\ProjetWeb_MRS\projetMRS\src\main\resources
2018-02-19 13:48:01,908 [Worker-54] INFO  o.e.m.c.i.embedder.EclipseLogger - Using 'UTF-8' encoding to copy filtered resources.
2018-02-19 13:48:01,912 [Worker-54] INFO  o.e.m.c.i.embedder.EclipseLogger - skip non existing resourceDirectory C:\Users\cedri\Desktop\LP MiAR\ProjetWeb\ProjetWeb_MRS\projetMRS\src\test\resources
2018-02-19 13:53:37,459 [Worker-51] INFO  o.e.m.c.i.embedder.EclipseLogger - Using 'UTF-8' encoding to copy filtered resources.
2018-02-19 13:53:37,459 [Worker-51] INFO  o.e.m.c.i.embedder.EclipseLogger - skip non existing resourceDirectory C:\Users\cedri\Desktop\LP MiAR\ProjetWeb\ProjetWeb_MRS\projetMRS\src\main\resources
2018-02-19 13:53:37,463 [Worker-51] INFO  o.e.m.c.i.embedder.EclipseLogger - Using 'UTF-8' encoding to copy filtered resources.
2018-02-19 13:53:37,468 [Worker-51] INFO  o.e.m.c.i.embedder.EclipseLogger - skip non existing resourceDirectory C:\Users\cedri\Desktop\LP MiAR\ProjetWeb\ProjetWeb_MRS\projetMRS\src\test\resources
2018-02-19 13:56:47,800 [Worker-45] INFO  o.e.m.c.i.embedder.EclipseLogger - Using 'UTF-8' encoding to copy filtered resources.
2018-02-19 13:56:47,800 [Worker-45] INFO  o.e.m.c.i.embedder.EclipseLogger - skip non existing resourceDirectory C:\Users\cedri\Desktop\LP MiAR\ProjetWeb\ProjetWeb_MRS\projetMRS\src\main\resources
2018-02-19 13:56:47,805 [Worker-45] INFO  o.e.m.c.i.embedder.EclipseLogger - Using 'UTF-8' encoding to copy filtered resources.
2018-02-19 13:56:47,811 [Worker-45] INFO  o.e.m.c.i.embedder.EclipseLogger - skip non existing resourceDirectory C:\Users\cedri\Desktop\LP MiAR\ProjetWeb\ProjetWeb_MRS\projetMRS\src\test\resources
2018-02-19 13:57:01,750 [Worker-45] INFO  o.e.m.c.i.embedder.EclipseLogger - Using 'UTF-8' encoding to copy filtered resources.
2018-02-19 13:57:01,750 [Worker-45] INFO  o.e.m.c.i.embedder.EclipseLogger - skip non existing resourceDirectory C:\Users\cedri\Desktop\LP MiAR\ProjetWeb\ProjetWeb_MRS\projetMRS\src\main\resources
2018-02-19 13:57:01,754 [Worker-45] INFO  o.e.m.c.i.embedder.EclipseLogger - Using 'UTF-8' encoding to copy filtered resources.
2018-02-19 13:57:01,758 [Worker-45] INFO  o.e.m.c.i.embedder.EclipseLogger - skip non existing resourceDirectory C:\Users\cedri\Desktop\LP MiAR\ProjetWeb\ProjetWeb_MRS\projetMRS\src\test\resources
2018-02-19 13:57:52,636 [Worker-60] INFO  o.e.m.c.i.embedder.EclipseLogger - Using 'UTF-8' encoding to copy filtered resources.
2018-02-19 13:57:52,636 [Worker-60] INFO  o.e.m.c.i.embedder.EclipseLogger - skip non existing resourceDirectory C:\Users\cedri\Desktop\LP MiAR\ProjetWeb\ProjetWeb_MRS\projetMRS\src\main\resources
2018-02-19 13:57:52,642 [Worker-60] INFO  o.e.m.c.i.embedder.EclipseLogger - Using 'UTF-8' encoding to copy filtered resources.
2018-02-19 13:57:52,646 [Worker-60] INFO  o.e.m.c.i.embedder.EclipseLogger - skip non existing resourceDirectory C:\Users\cedri\Desktop\LP MiAR\ProjetWeb\ProjetWeb_MRS\projetMRS\src\test\resources
2018-02-19 13:58:26,271 [Worker-45] INFO  o.e.m.c.i.embedder.EclipseLogger - Using 'UTF-8' encoding to copy filtered resources.
2018-02-19 13:58:26,271 [Worker-45] INFO  o.e.m.c.i.embedder.EclipseLogger - skip non existing resourceDirectory C:\Users\cedri\Desktop\LP MiAR\ProjetWeb\ProjetWeb_MRS\projetMRS\src\main\resources
2018-02-19 13:58:26,276 [Worker-45] INFO  o.e.m.c.i.embedder.EclipseLogger - Using 'UTF-8' encoding to copy filtered resources.
2018-02-19 13:58:26,280 [Worker-45] INFO  o.e.m.c.i.embedder.EclipseLogger - skip non existing resourceDirectory C:\Users\cedri\Desktop\LP MiAR\ProjetWeb\ProjetWeb_MRS\projetMRS\src\test\resources
2018-02-19 14:01:10,874 [Worker-62] INFO  o.e.m.c.i.embedder.EclipseLogger - Using 'UTF-8' encoding to copy filtered resources.
2018-02-19 14:01:10,874 [Worker-62] INFO  o.e.m.c.i.embedder.EclipseLogger - skip non existing resourceDirectory C:\Users\cedri\Desktop\LP MiAR\ProjetWeb\ProjetWeb_MRS\projetMRS\src\main\resources
2018-02-19 14:01:10,881 [Worker-62] INFO  o.e.m.c.i.embedder.EclipseLogger - Using 'UTF-8' encoding to copy filtered resources.
2018-02-19 14:01:10,886 [Worker-62] INFO  o.e.m.c.i.embedder.EclipseLogger - skip non existing resourceDirectory C:\Users\cedri\Desktop\LP MiAR\ProjetWeb\ProjetWeb_MRS\projetMRS\src\test\resources
2018-02-19 14:01:39,630 [Worker-63] INFO  o.e.m.c.i.embedder.EclipseLogger - Using 'UTF-8' encoding to copy filtered resources.
2018-02-19 14:01:39,630 [Worker-63] INFO  o.e.m.c.i.embedder.EclipseLogger - skip non existing resourceDirectory C:\Users\cedri\Desktop\LP MiAR\ProjetWeb\ProjetWeb_MRS\projetMRS\src\main\resources
2018-02-19 14:01:39,634 [Worker-63] INFO  o.e.m.c.i.embedder.EclipseLogger - Using 'UTF-8' encoding to copy filtered resources.
2018-02-19 14:01:39,638 [Worker-63] INFO  o.e.m.c.i.embedder.EclipseLogger - skip non existing resourceDirectory C:\Users\cedri\Desktop\LP MiAR\ProjetWeb\ProjetWeb_MRS\projetMRS\src\test\resources
